============================= test session starts =============================
platform win32 -- Python 3.12.10, pytest-7.4.3, pluggy-1.6.0 -- C:\Users\akash\pms-hotel-desktop\venv\Scripts\python.exe
cachedir: .pytest_cache
rootdir: C:\Users\akash\pms-hotel-desktop\backend
configfile: pytest.ini
plugins: anyio-3.7.1, asyncio-0.21.1, cov-4.1.0, mock-3.15.1, requests-mock-1.12.1
asyncio: mode=Mode.STRICT
collecting ... collected 659 items

backend\tests\test_cm_admin_api.py::test_admin_create_mapping_and_read FAILED [  0%]
backend\tests\test_cm_admin_api.py::test_admin_delete_mapping FAILED     [  0%]
backend\tests\test_cm_channel_sync_gate.py::test_channel_sync_not_found PASSED [  0%]
backend\tests\test_cm_channel_sync_gate.py::test_channel_sync_invalid_status PASSED [  0%]
backend\tests\test_cm_channel_sync_gate.py::test_channel_sync_max_retries PASSED [  0%]
backend\tests\test_cm_channel_sync_gate.py::test_channel_sync_success PASSED [  0%]
backend\tests\test_cm_channel_sync_gate.py::test_channel_sync_failure_retry PASSED [  1%]
backend\tests\test_cm_channel_sync_gate.py::test_channel_sync_failure_abandoned PASSED [  1%]
backend\tests\test_cm_egress_api.py::test_get_availability_success FAILED [  1%]
backend\tests\test_cm_egress_api.py::test_get_availability_gate_failure FAILED [  1%]
backend\tests\test_cm_egress_api.py::test_get_pricing_success FAILED     [  1%]
backend\tests\test_cm_egress_api.py::test_api_unauthorized FAILED        [  1%]
backend\tests\test_cm_failure_simulation.py::test_pms_failure_and_recovery_simulation FAILED [  1%]
backend\tests\test_cm_forwarding_gate.py::test_forwarding_gate_event_not_found PASSED [  2%]
backend\tests\test_cm_forwarding_gate.py::test_forwarding_gate_invalid_state FAILED [  2%]
backend\tests\test_cm_forwarding_gate.py::test_forwarding_gate_unmapped_room FAILED [  2%]
backend\tests\test_cm_forwarding_gate.py::test_forwarding_gate_success FAILED [  2%]
backend\tests\test_cm_inbound_ingestion_gate.py::test_inbound_ingestion_gate_success FAILED [  2%]
backend\tests\test_cm_inbound_ingestion_gate.py::test_inbound_ingestion_gate_invalid_schema PASSED [  2%]
backend\tests\test_cm_inbound_ingestion_gate.py::test_inbound_ingestion_gate_authentication_failed PASSED [  3%]
backend\tests\test_cm_integration_flow.py::test_double_booking_prevention_flow FAILED [  3%]
backend\tests\test_cm_intent_validation_gate.py::test_intent_validation_gate_event_not_found PASSED [  3%]
backend\tests\test_cm_intent_validation_gate.py::test_intent_validation_gate_duplicate_idempotency FAILED [  3%]
backend\tests\test_cm_intent_validation_gate.py::test_intent_validation_gate_unsupported_channel FAILED [  3%]
backend\tests\test_cm_intent_validation_gate.py::test_intent_validation_gate_invalid_dates FAILED [  3%]
backend\tests\test_cm_intent_validation_gate.py::test_intent_validation_gate_success FAILED [  3%]
backend\tests\test_cm_load_simulation.py::test_cm_load_simulation FAILED [  4%]
backend\tests\test_cm_projection_publish_gate.py::test_projection_publish_invalid_type PASSED [  4%]
backend\tests\test_cm_projection_publish_gate.py::test_projection_publish_availability_success PASSED [  4%]
backend\tests\test_cm_projection_publish_gate.py::test_projection_publish_pricing_success PASSED [  4%]
backend\tests\test_cm_projection_publish_gate.py::test_projection_publish_pms_fetch_error PASSED [  4%]
backend\tests\test_cm_verdict_gate.py::test_pms_verdict_gate_not_found PASSED [  4%]
backend\tests\test_cm_verdict_gate.py::test_pms_verdict_gate_no_verdict FAILED [  5%]
backend\tests\test_cm_verdict_gate.py::test_pms_verdict_gate_invalid_verdict FAILED [  5%]
backend\tests\test_cm_verdict_gate.py::test_pms_verdict_gate_success FAILED [  5%]
backend\tests\test_cm_webhooks_api.py::test_post_webhook_booking_com_success FAILED [  5%]
backend\tests\test_cm_webhooks_api.py::test_post_webhook_booking_com_invalid_schema FAILED [  5%]
backend\tests\test_cm_webhooks_api.py::test_post_webhook_generic_success FAILED [  5%]
backend\tests\test_coordinator.py::test_coordinator_passes_and_commits PASSED [  5%]
backend\tests\test_coordinator.py::test_coordinator_fails_gate_and_aborts PASSED [  6%]
backend\tests\test_coordinator.py::test_coordinator_action_exception_rollbacks PASSED [  6%]
backend\tests\test_database.py::test_database_info_structure FAILED      [  6%]
backend\tests\test_database.py::test_sqlite_mode_default PASSED          [  6%]
backend\tests\test_database.py::test_get_db_generator PASSED             [  6%]
backend\tests\test_database.py::test_database_url_override PASSED        [  6%]
backend\tests\test_database.py::test_engine_creation PASSED              [  6%]
backend\tests\test_database.py::test_session_close PASSED                [  7%]
backend\tests\test_database.py::test_init_db FAILED                      [  7%]
backend\tests\test_database.py::test_get_db_info PASSED                  [  7%]
backend\tests\test_email_template_integration.py::test_list_templates_api FAILED [  7%]
backend\tests\test_email_template_integration.py::test_get_template_variables_api FAILED [  7%]
backend\tests\test_email_template_integration.py::test_preview_template_api FAILED [  7%]
backend\tests\test_email_template_integration.py::test_get_sample_data_api FAILED [  8%]
backend\tests\test_email_template_integration.py::test_notification_preferences_api SKIPPED [  8%]
backend\tests\test_email_template_integration.py::test_unauthorized_template_access FAILED [  8%]
backend\tests\test_email_templates.py::test_template_service_initialization PASSED [  8%]
backend\tests\test_email_templates.py::test_list_templates FAILED        [  8%]
backend\tests\test_email_templates.py::test_render_confirmation_template FAILED [  8%]
backend\tests\test_email_templates.py::test_render_text_template FAILED  [  8%]
backend\tests\test_email_templates.py::test_currency_filter PASSED       [  9%]
backend\tests\test_email_templates.py::test_date_filter PASSED           [  9%]
backend\tests\test_email_templates.py::test_template_variables FAILED    [  9%]
backend\tests\test_email_templates.py::test_enhanced_email_service PASSED [  9%]
backend\tests\test_email_templates.py::test_preview_template FAILED      [  9%]
backend\tests\test_guest.py::test_create_guest_basic PASSED              [  9%]
backend\tests\test_guest.py::test_guest_full_name_property PASSED        [ 10%]
backend\tests\test_guest.py::test_guest_age_calculation PASSED           [ 10%]
backend\tests\test_guest.py::test_guest_corporate_type PASSED            [ 10%]
backend\tests\test_guest.py::test_guest_vip_status PASSED                [ 10%]
backend\tests\test_guest.py::test_guest_stay_statistics PASSED           [ 10%]
backend\tests\test_guest.py::test_guest_blacklist PASSED                 [ 10%]
backend\tests\test_guest.py::test_guest_contact_information PASSED       [ 10%]
backend\tests\test_guest.py::test_guest_identification PASSED            [ 11%]
backend\tests\test_guest.py::test_guest_special_needs PASSED             [ 11%]
backend\tests\test_guest.py::test_guest_privacy_settings PASSED          [ 11%]
backend\tests\test_guest.py::test_guest_to_dict PASSED                   [ 11%]
backend\tests\test_main.py::test_read_root FAILED                        [ 11%]
backend\tests\test_main.py::test_health_check FAILED                     [ 11%]
backend\tests\test_main.py::test_database_info FAILED                    [ 11%]
backend\tests\test_main.py::test_cors_headers FAILED                     [ 12%]
backend\tests\test_rate_limit_integration.py::test_rate_limit_headers FAILED [ 12%]
backend\tests\test_rate_limit_integration.py::test_rate_limit_enforcement PASSED [ 12%]
backend\tests\test_rate_limit_integration.py::test_rate_limit_429_response PASSED [ 12%]
backend\tests\test_rate_limit_integration.py::test_endpoint_specific_rate_limit FAILED [ 12%]
backend\tests\test_rate_limit_integration.py::test_rate_limit_reset_endpoint PASSED [ 12%]
backend\tests\test_rate_limit_integration.py::test_rate_limit_status_endpoint PASSED [ 13%]
backend\tests\test_rate_limit_integration.py::test_blocked_ip_access PASSED [ 13%]
backend\tests\test_rate_limiting.py::test_rate_limiter_basic PASSED      [ 13%]
backend\tests\test_rate_limiting.py::test_rate_limiter_window PASSED     [ 13%]
backend\tests\test_rate_limiting.py::test_rate_limiter_multiple_limits PASSED [ 13%]
backend\tests\test_rate_limiting.py::test_rate_limit_config PASSED       [ 13%]
backend\tests\test_rate_limiting.py::test_abuse_detection_failed_auth PASSED [ 13%]
backend\tests\test_rate_limiting.py::test_abuse_detection_ip_blocking PASSED [ 14%]
backend\tests\test_rate_limiting.py::test_abuse_detection_pattern PASSED [ 14%]
backend\tests\test_rate_limiting.py::test_rate_limiter_status PASSED     [ 14%]
backend\tests\test_rate_limiting.py::test_rate_limiter_reset PASSED      [ 14%]
backend\tests\test_task_integration.py::test_generate_revenue_report_api SKIPPED [ 14%]
backend\tests\test_task_integration.py::test_get_task_status_api SKIPPED [ 14%]
backend\tests\test_task_integration.py::test_get_active_tasks_api SKIPPED [ 15%]
backend\tests\test_task_integration.py::test_task_monitoring_history_api FAILED [ 15%]
backend\tests\test_task_integration.py::test_task_monitoring_statistics_api FAILED [ 15%]
backend\tests\test_task_integration.py::test_unauthorized_task_access SKIPPED [ 15%]
backend\tests\test_tasks.py::test_test_task PASSED                       [ 15%]
backend\tests\test_tasks.py::test_calculate_revenue_metrics SKIPPED      [ 15%]
backend\tests\test_tasks.py::test_generate_revenue_report_task SKIPPED   [ 15%]
backend\tests\test_tasks.py::test_generate_occupancy_report_task PASSED  [ 16%]
backend\tests\test_tasks.py::test_cleanup_old_audit_logs PASSED          [ 16%]
backend\tests\test_tasks.py::test_update_room_status SKIPPED (SQLite
test DB does not support SQLEnum for Room.status column)                 [ 16%]
backend\tests\test_tasks.py::test_calculate_daily_statistics PASSED      [ 16%]
backend\tests\test_tasks.py::test_task_with_retry PASSED                 [ 16%]
backend\tests\test_tasks.py::test_task_caching PASSED                    [ 16%]
backend\tests\performance\test_cache_performance.py::test_cache_set_get_performance FAILED [ 16%]
backend\tests\performance\test_cache_performance.py::test_cached_decorator_performance FAILED [ 17%]
backend\tests\performance\test_cache_performance.py::test_cache_memory_usage FAILED [ 17%]
backend\tests\performance\test_cache_performance.py::test_cache_hit_rate FAILED [ 17%]
backend\tests\performance\test_cache_performance.py::test_cache_expiration FAILED [ 17%]
backend\tests\performance\test_cache_performance.py::test_cache_pattern_deletion FAILED [ 17%]
backend\tests\test_analytics\test_api.py::test_get_occupancy_missing_params FAILED [ 17%]
backend\tests\test_analytics\test_api.py::test_get_occupancy_invalid_range FAILED [ 18%]
backend\tests\test_analytics\test_api.py::test_get_revenue_endpoint_exists FAILED [ 18%]
backend\tests\test_analytics\test_api.py::test_get_kpis_endpoint_exists FAILED [ 18%]
backend\tests\test_analytics\test_api.py::test_get_channels_endpoint_exists FAILED [ 18%]
backend\tests\test_analytics\test_api.py::test_get_booking_patterns_endpoint_exists FAILED [ 18%]
backend\tests\test_analytics\test_etl.py::test_etl_orchestrator PASSED   [ 18%]
backend\tests\test_analytics\test_extract.py::test_data_extractor PASSED [ 18%]
backend\tests\test_analytics\test_load.py::test_data_loader_upsert_daily_metrics PASSED [ 19%]
backend\tests\test_analytics\test_load.py::test_data_loader_upsert_fact_reservations PASSED [ 19%]
backend\tests\test_analytics\test_load.py::test_data_loader_log_sync_completion PASSED [ 19%]
backend\tests\test_analytics\test_models_coverage.py::TestBusinessDay::test_day_opened_by_property PASSED [ 19%]
backend\tests\test_analytics\test_models_coverage.py::TestBusinessDay::test_open_day_sets_status PASSED [ 19%]
backend\tests\test_analytics\test_models_coverage.py::TestBusinessDay::test_open_day_keeps_existing_opened_at PASSED [ 19%]
backend\tests\test_analytics\test_models_coverage.py::TestBusinessDay::test_start_night_audit PASSED [ 20%]
backend\tests\test_analytics\test_models_coverage.py::TestBusinessDay::test_all_audit_checks_passed_false PASSED [ 20%]
backend\tests\test_analytics\test_models_coverage.py::TestBusinessDay::test_all_audit_checks_passed_true PASSED [ 20%]
backend\tests\test_analytics\test_models_coverage.py::TestBusinessDay::test_complete_night_audit_success PASSED [ 20%]
backend\tests\test_analytics\test_models_coverage.py::TestBusinessDay::test_complete_night_audit_failure_flag PASSED [ 20%]
backend\tests\test_analytics\test_models_coverage.py::TestBusinessDay::test_complete_night_audit_checks_not_all_passed PASSED [ 20%]
backend\tests\test_analytics\test_models_coverage.py::TestBusinessDay::test_close_day PASSED [ 20%]
backend\tests\test_analytics\test_models_coverage.py::TestBusinessDay::test_close_day_noop_if_already_closed PASSED [ 21%]
backend\tests\test_analytics\test_models_coverage.py::TestBusinessDay::test_calculate_metrics_normal PASSED [ 21%]
backend\tests\test_analytics\test_models_coverage.py::TestBusinessDay::test_calculate_metrics_zero_occupancy PASSED [ 21%]
backend\tests\test_analytics\test_models_coverage.py::TestBusinessDay::test_calculate_metrics_zero_rooms PASSED [ 21%]
backend\tests\test_analytics\test_models_coverage.py::TestBusinessDay::test_to_dict PASSED [ 21%]
backend\tests\test_analytics\test_models_coverage.py::TestRoom::test_is_available_true PASSED [ 21%]
backend\tests\test_analytics\test_models_coverage.py::TestRoom::test_is_available_false_occupied PASSED [ 22%]
backend\tests\test_analytics\test_models_coverage.py::TestRoom::test_is_available_false_dirty PASSED [ 22%]
backend\tests\test_analytics\test_models_coverage.py::TestRoom::test_is_available_inspected PASSED [ 22%]
backend\tests\test_analytics\test_models_coverage.py::TestRoom::test_mark_clean PASSED [ 22%]
backend\tests\test_analytics\test_models_coverage.py::TestRoom::test_mark_dirty PASSED [ 22%]
backend\tests\test_analytics\test_models_coverage.py::TestRoom::test_mark_inspected PASSED [ 22%]
backend\tests\test_analytics\test_models_coverage.py::TestRoom::test_take_out_of_order PASSED [ 22%]
backend\tests\test_analytics\test_models_coverage.py::TestRoom::test_take_out_of_order_no_notes PASSED [ 23%]
backend\tests\test_analytics\test_models_coverage.py::TestRoom::test_return_to_service PASSED [ 23%]
backend\tests\test_analytics\test_models_coverage.py::TestRoom::test_check_in PASSED [ 23%]
backend\tests\test_analytics\test_models_coverage.py::TestRoom::test_check_in_already_occupied_raises PASSED [ 23%]
backend\tests\test_analytics\test_models_coverage.py::TestRoom::test_check_out PASSED [ 23%]
backend\tests\test_analytics\test_models_coverage.py::TestRoom::test_check_out_already_vacant_raises PASSED [ 23%]
backend\tests\test_analytics\test_models_coverage.py::TestRoom::test_to_dict PASSED [ 23%]
backend\tests\test_analytics\test_models_coverage.py::TestStay::test_is_checked_in_false PASSED [ 24%]
backend\tests\test_analytics\test_models_coverage.py::TestStay::test_is_checked_in_true PASSED [ 24%]
backend\tests\test_analytics\test_models_coverage.py::TestStay::test_is_checked_out PASSED [ 24%]
backend\tests\test_analytics\test_models_coverage.py::TestStay::test_number_of_nights_from_dates PASSED [ 24%]
backend\tests\test_analytics\test_models_coverage.py::TestStay::test_number_of_nights_no_dates PASSED [ 24%]
backend\tests\test_analytics\test_models_coverage.py::TestStay::test_number_of_nights_setter PASSED [ 24%]
backend\tests\test_analytics\test_models_coverage.py::TestStay::test_check_in_success PASSED [ 25%]
backend\tests\test_analytics\test_models_coverage.py::TestStay::test_check_in_wrong_status_returns_false PASSED [ 25%]
backend\tests\test_analytics\test_models_coverage.py::TestStay::test_check_out_success FAILED [ 25%]
backend\tests\test_analytics\test_models_coverage.py::TestStay::test_check_out_wrong_status_returns_false PASSED [ 25%]
backend\tests\test_analytics\test_models_coverage.py::TestStay::test_cancel_success PASSED [ 25%]
backend\tests\test_analytics\test_models_coverage.py::TestStay::test_cancel_wrong_status_returns_false PASSED [ 25%]
backend\tests\test_analytics\test_models_coverage.py::TestStay::test_add_room_charge PASSED [ 25%]
backend\tests\test_analytics\test_models_coverage.py::TestStay::test_add_other_charge PASSED [ 26%]
backend\tests\test_analytics\test_models_coverage.py::TestStay::test_mark_cleaning_required PASSED [ 26%]
backend\tests\test_analytics\test_models_coverage.py::TestStay::test_mark_cleaning_completed PASSED [ 26%]
backend\tests\test_analytics\test_models_coverage.py::TestStay::test_to_dict PASSED [ 26%]
backend\tests\test_analytics\test_models_coverage.py::TestStay::test_repr PASSED [ 26%]
backend\tests\test_analytics\test_transform.py::test_transform_reservations_empty PASSED [ 26%]
backend\tests\test_analytics\test_transform.py::test_transform_reservations_valid PASSED [ 27%]
backend\tests\test_analytics\test_transform.py::test_calculate_daily_metrics PASSED [ 27%]
backend\tests\test_api\test_guests_api.py::test_create_guest ERROR       [ 27%]
backend\tests\test_api\test_guests_api.py::test_search_guests ERROR      [ 27%]
backend\tests\test_api\test_notifications_api.py::test_queue_confirmation_email ERROR [ 27%]
backend\tests\test_api\test_notifications_api.py::test_get_notification_history ERROR [ 27%]
backend\tests\test_api\test_notifications_api.py::test_get_guest_notifications ERROR [ 27%]
backend\tests\test_api\test_reports_api.py::test_list_report_templates ERROR [ 28%]
backend\tests\test_api\test_reports_api.py::test_get_template_not_found ERROR [ 28%]
backend\tests\test_api\test_reports_api.py::test_generate_template_with_invalid_range ERROR [ 28%]
backend\tests\test_api\test_reports_api.py::test_generate_template_success ERROR [ 28%]
backend\tests\test_api\test_reports_api.py::test_revenue_summary_endpoint ERROR [ 28%]
backend\tests\test_api\test_reservations_api.py::test_create_reservation ERROR [ 28%]
backend\tests\test_api\test_reservations_api.py::test_get_reservation ERROR [ 28%]
backend\tests\test_api\test_rooms_api.py::test_get_available_rooms ERROR [ 29%]
backend\tests\test_api\test_rooms_api.py::test_mark_room_clean ERROR     [ 29%]
backend\tests\test_gates\test_base_gate.py::test_gate_result_creation PASSED [ 29%]
backend\tests\test_gates\test_base_gate.py::test_gate_result_failed PASSED [ 29%]
backend\tests\test_gates\test_base_gate.py::test_gate_result_warning PASSED [ 29%]
backend\tests\test_gates\test_base_gate.py::test_gate_execution_pass PASSED [ 29%]
backend\tests\test_gates\test_base_gate.py::test_gate_execution_fail PASSED [ 30%]
backend\tests\test_gates\test_base_gate.py::test_gate_blocking_vs_non_blocking PASSED [ 30%]
backend\tests\test_gates\test_base_gate.py::test_gate_result_to_dict PASSED [ 30%]
backend\tests\test_gates\test_check_in_gate.py::test_check_in_gate_pass PASSED [ 30%]
backend\tests\test_gates\test_check_in_gate.py::test_check_in_gate_fail_not_confirmed PASSED [ 30%]
backend\tests\test_gates\test_check_in_gate.py::test_check_in_gate_fail_future_date PASSED [ 30%]
backend\tests\test_gates\test_check_in_gate.py::test_check_in_gate_fail_room_occupied PASSED [ 30%]
backend\tests\test_gates\test_check_in_gate.py::test_check_in_gate_fail_no_reservation PASSED [ 31%]
backend\tests\test_gates\test_check_out_gate.py::test_check_out_gate_pass PASSED [ 31%]
backend\tests\test_gates\test_check_out_gate.py::test_check_out_gate_fail_not_checked_in PASSED [ 31%]
backend\tests\test_gates\test_check_out_gate.py::test_check_out_gate_fail_stay_not_checked_in PASSED [ 31%]
backend\tests\test_gates\test_check_out_gate.py::test_check_out_gate_early_checkout_warning PASSED [ 31%]
backend\tests\test_gates\test_check_out_gate.py::test_check_out_gate_fail_no_data PASSED [ 31%]
backend\tests\test_gates\test_gates_4_6.py::test_cancellation_gate_pass PASSED [ 32%]
backend\tests\test_gates\test_gates_4_6.py::test_cancellation_gate_fail_already_cancelled PASSED [ 32%]
backend\tests\test_gates\test_gates_4_6.py::test_rate_validation_gate_pass PASSED [ 32%]
backend\tests\test_gates\test_gates_4_6.py::test_rate_validation_gate_fail_wrong_total PASSED [ 32%]
backend\tests\test_gates\test_gates_4_6.py::test_occupancy_gate_pass PASSED [ 32%]
backend\tests\test_gates\test_gates_4_6.py::test_occupancy_gate_fail_exceeds_max PASSED [ 32%]
backend\tests\test_gates\test_gates_4_6.py::test_occupancy_gate_fail_no_adults PASSED [ 32%]
backend\tests\test_gates\test_gates_7_9.py::test_date_validation_gate_pass PASSED [ 33%]
backend\tests\test_gates\test_gates_7_9.py::test_date_validation_gate_fail_checkout_before_checkin PASSED [ 33%]
backend\tests\test_gates\test_gates_7_9.py::test_payment_gate_pass PASSED [ 33%]
backend\tests\test_gates\test_gates_7_9.py::test_payment_gate_fail_deposit_not_paid PASSED [ 33%]
backend\tests\test_gates\test_gates_7_9.py::test_availability_gate_pass PASSED [ 33%]
backend\tests\test_gates\test_gates_7_9.py::test_availability_gate_fail_room_occupied PASSED [ 33%]
backend\tests\test_gates\test_gates_7_9.py::test_date_validation_gate_long_stay_warning PASSED [ 33%]
backend\tests\test_gates\test_gates_7_9.py::test_date_validation_gate_no_reservation PASSED [ 34%]
backend\tests\test_gates\test_gates_7_9.py::test_payment_gate_no_guarantee PASSED [ 34%]
backend\tests\test_gates\test_gates_7_9.py::test_payment_gate_incomplete_credit_card PASSED [ 34%]
backend\tests\test_gates\test_gates_7_9.py::test_payment_gate_prepaid PASSED [ 34%]
backend\tests\test_gates\test_gates_7_9.py::test_payment_gate_no_reservation PASSED [ 34%]
backend\tests\test_gates\test_gates_7_9.py::test_availability_gate_no_db PASSED [ 34%]
backend\tests\test_gates\test_gates_7_9.py::test_reservation_to_dict PASSED [ 35%]
backend\tests\test_gates\test_gates_7_9.py::test_room_model_methods PASSED [ 35%]
backend\tests\test_gates\test_gates_7_9.py::test_stay_model_methods PASSED [ 35%]
backend\tests\test_gates\test_gates_7_9.py::test_checkout_gate_with_outstanding_balance PASSED [ 35%]
backend\tests\test_gates\test_room_assignment_gate.py::test_room_assignment_gate_pass PASSED [ 35%]
backend\tests\test_gates\test_room_assignment_gate.py::test_room_assignment_gate_fail_room_occupied PASSED [ 35%]
backend\tests\test_gates\test_room_assignment_gate.py::test_room_assignment_gate_fail_type_mismatch PASSED [ 35%]
backend\tests\test_gates\test_room_assignment_gate.py::test_room_assignment_gate_fail_capacity PASSED [ 36%]
backend\tests\test_gates\test_room_assignment_gate.py::test_room_assignment_gate_fail_no_data PASSED [ 36%]
backend\tests\test_integration\test_day2_schema.py::test_complete_hotel_setup PASSED [ 36%]
backend\tests\test_integration\test_day2_schema.py::test_dual_state_scenarios PASSED [ 36%]
backend\tests\test_integration\test_day3_booking_workflow.py::test_complete_booking_workflow FAILED [ 36%]
backend\tests\test_integration\test_day3_booking_workflow.py::test_room_change_scenario PASSED [ 36%]
backend\tests\test_integration\test_day3_booking_workflow.py::test_rate_plan_superseding PASSED [ 37%]
backend\tests\test_integration\test_day3_coverage.py::test_room_out_of_order PASSED [ 37%]
backend\tests\test_integration\test_day3_coverage.py::test_room_mark_dirty_inspected PASSED [ 37%]
backend\tests\test_integration\test_day3_coverage.py::test_room_check_in_already_occupied_raises PASSED [ 37%]
backend\tests\test_integration\test_day3_coverage.py::test_room_check_out_vacant_raises PASSED [ 37%]
backend\tests\test_integration\test_day3_coverage.py::test_room_to_dict PASSED [ 37%]
backend\tests\test_integration\test_day3_coverage.py::test_reservation_cancel PASSED [ 37%]
backend\tests\test_integration\test_day3_coverage.py::test_reservation_no_show PASSED [ 38%]
backend\tests\test_integration\test_day3_coverage.py::test_reservation_properties PASSED [ 38%]
backend\tests\test_integration\test_day3_coverage.py::test_reservation_to_dict PASSED [ 38%]
backend\tests\test_integration\test_day3_coverage.py::test_rate_plan_is_valid_for_date PASSED [ 38%]
backend\tests\test_integration\test_day3_coverage.py::test_rate_plan_inactive PASSED [ 38%]
backend\tests\test_integration\test_day3_coverage.py::test_rate_plan_expired PASSED [ 38%]
backend\tests\test_integration\test_day3_coverage.py::test_rate_plan_to_dict PASSED [ 38%]
backend\tests\test_integration\test_day3_coverage.py::test_business_day_full_lifecycle PASSED [ 39%]
backend\tests\test_integration\test_day3_coverage.py::test_business_day_failed_audit PASSED [ 39%]
backend\tests\test_integration\test_day3_coverage.py::test_business_day_calculate_metrics PASSED [ 39%]
backend\tests\test_integration\test_day3_coverage.py::test_business_day_to_dict PASSED [ 39%]
backend\tests\test_integration\test_day3_coverage.py::test_stay_cancel PASSED [ 39%]
backend\tests\test_integration\test_day3_coverage.py::test_stay_properties PASSED [ 39%]
backend\tests\test_integration\test_day3_coverage.py::test_stay_housekeeping_flags PASSED [ 40%]
backend\tests\test_integration\test_day3_coverage.py::test_guest_blacklist PASSED [ 40%]
backend\tests\test_integration\test_day3_coverage.py::test_guest_age_and_to_dict PASSED [ 40%]
backend\tests\test_integration\test_day4_state_machines.py::test_complete_workflow_with_state_machines FAILED [ 40%]
backend\tests\test_integration\test_day4_state_machines.py::test_no_show_scenario PASSED [ 40%]
backend\tests\test_integration\test_day4_state_machines.py::test_concurrent_reservations_same_guest FAILED [ 40%]
backend\tests\test_integration\test_day5_gates.py::test_complete_gate_workflow PASSED [ 40%]
backend\tests\test_integration\test_day5_gates.py::test_gate_executor_stop_on_failure PASSED [ 41%]
backend\tests\test_integration\test_day5_gates.py::test_date_validation_no_reservation PASSED [ 41%]
backend\tests\test_integration\test_day5_gates.py::test_date_validation_night_mismatch PASSED [ 41%]
backend\tests\test_integration\test_day5_gates.py::test_date_validation_long_stay_warning PASSED [ 41%]
backend\tests\test_integration\test_day5_gates.py::test_date_validation_pass PASSED [ 41%]
backend\tests\test_integration\test_day5_gates.py::test_date_validation_past_checkin PASSED [ 41%]
backend\tests\test_integration\test_day5_gates.py::test_occupancy_gate_no_reservation PASSED [ 42%]
backend\tests\test_integration\test_day5_gates.py::test_occupancy_gate_exceeds_adults PASSED [ 42%]
backend\tests\test_integration\test_day5_gates.py::test_occupancy_gate_pass PASSED [ 42%]
backend\tests\test_integration\test_day5_gates.py::test_payment_gate_no_reservation PASSED [ 42%]
backend\tests\test_integration\test_day5_gates.py::test_payment_gate_no_guarantee PASSED [ 42%]
backend\tests\test_integration\test_day5_gates.py::test_payment_gate_pass PASSED [ 42%]
backend\tests\test_integration\test_day5_gates.py::test_availability_gate_no_reservation PASSED [ 42%]
backend\tests\test_integration\test_day5_gates.py::test_availability_gate_no_db PASSED [ 43%]
backend\tests\test_integration\test_day5_gates.py::test_availability_gate_no_rooms PASSED [ 43%]
backend\tests\test_integration\test_day5_gates.py::test_availability_gate_low_availability_warning PASSED [ 43%]
backend\tests\test_integration\test_day5_gates.py::test_availability_gate_pass PASSED [ 43%]
backend\tests\test_integration\test_day5_gates.py::test_availability_gate_room_not_available PASSED [ 43%]
backend\tests\test_integration\test_day5_gates.py::test_room_assignment_no_reservation PASSED [ 43%]
backend\tests\test_integration\test_day5_gates.py::test_room_assignment_no_stay PASSED [ 44%]
backend\tests\test_integration\test_day5_gates.py::test_room_assignment_pass PASSED [ 44%]
backend\tests\test_integration\test_day5_gates.py::test_checkin_gate_no_reservation PASSED [ 44%]
backend\tests\test_integration\test_day5_gates.py::test_checkin_gate_not_confirmed PASSED [ 44%]
backend\tests\test_integration\test_day5_gates.py::test_checkin_gate_future_date PASSED [ 44%]
backend\tests\test_integration\test_day5_gates.py::test_checkin_gate_no_stay PASSED [ 44%]
backend\tests\test_integration\test_day5_gates.py::test_checkin_gate_room_not_available PASSED [ 44%]
backend\tests\test_integration\test_day5_gates.py::test_checkin_gate_no_contact_warning PASSED [ 45%]
backend\tests\test_integration\test_day5_gates.py::test_checkin_gate_pass PASSED [ 45%]
backend\tests\test_integration\test_day5_gates.py::test_checkout_gate_no_reservation PASSED [ 45%]
backend\tests\test_integration\test_day5_gates.py::test_checkout_gate_not_checked_in PASSED [ 45%]
backend\tests\test_integration\test_day5_gates.py::test_checkout_gate_stay_not_checked_in PASSED [ 45%]
backend\tests\test_integration\test_day5_gates.py::test_checkout_gate_early_checkout_warning PASSED [ 45%]
backend\tests\test_integration\test_day5_gates.py::test_checkout_gate_pass PASSED [ 45%]
backend\tests\test_integration\test_day5_gates.py::test_cancellation_gate_no_reservation PASSED [ 46%]
backend\tests\test_integration\test_day5_gates.py::test_cancellation_gate_already_cancelled PASSED [ 46%]
backend\tests\test_integration\test_day5_gates.py::test_cancellation_gate_checked_out PASSED [ 46%]
backend\tests\test_integration\test_day5_gates.py::test_cancellation_gate_checked_in_no_force PASSED [ 46%]
backend\tests\test_integration\test_day5_gates.py::test_cancellation_gate_checked_in_force PASSED [ 46%]
backend\tests\test_integration\test_day5_gates.py::test_cancellation_gate_fee_warning_flexible PASSED [ 46%]
backend\tests\test_integration\test_day5_gates.py::test_cancellation_gate_strict_policy PASSED [ 47%]
backend\tests\test_integration\test_day5_gates.py::test_cancellation_gate_pass_no_fee PASSED [ 47%]
backend\tests\test_integration\test_day5_gates.py::test_cancellation_gate_moderate_policy_no_fee PASSED [ 47%]
backend\tests\test_integration\test_day5_gates.py::test_cancellation_gate_no_rate_plan_fee PASSED [ 47%]
backend\tests\test_integration\test_day5_gates.py::test_rate_validation_no_reservation PASSED [ 47%]
backend\tests\test_integration\test_day5_gates.py::test_rate_validation_pass PASSED [ 47%]
backend\tests\test_integration\test_day5_gates.py::test_executor_no_db_no_history PASSED [ 47%]
backend\tests\test_integration\test_day5_gates.py::test_executor_all_passed_property PASSED [ 48%]
backend\tests\test_integration\test_day5_models.py::test_gates_py_gate_result_properties FAILED [ 48%]
backend\tests\test_integration\test_day5_models.py::test_gates_py_execution_result FAILED [ 48%]
backend\tests\test_integration\test_day5_models.py::test_gates_py_checkout_gate_no_stay FAILED [ 48%]
backend\tests\test_integration\test_day5_models.py::test_gates_py_checkout_gate_already_checked_out FAILED [ 48%]
backend\tests\test_integration\test_day5_models.py::test_gates_py_checkout_gate_force FAILED [ 48%]
backend\tests\test_integration\test_day5_models.py::test_gates_py_payment_gate_no_stay FAILED [ 49%]
backend\tests\test_integration\test_day5_models.py::test_gates_py_executor FAILED [ 49%]
backend\tests\test_integration\test_day5_models.py::test_room_check_in_and_out PASSED [ 49%]
backend\tests\test_integration\test_day5_models.py::test_room_check_in_already_occupied PASSED [ 49%]
backend\tests\test_integration\test_day5_models.py::test_room_checkout_vacant_raises PASSED [ 49%]
backend\tests\test_integration\test_day5_models.py::test_room_out_of_order_and_return PASSED [ 49%]
backend\tests\test_integration\test_day5_models.py::test_room_mark_dirty_clean_inspected PASSED [ 49%]
backend\tests\test_integration\test_day5_models.py::test_room_to_dict PASSED [ 50%]
backend\tests\test_integration\test_day5_models.py::test_stay_check_in_and_out FAILED [ 50%]
backend\tests\test_integration\test_day5_models.py::test_stay_check_in_wrong_status PASSED [ 50%]
backend\tests\test_integration\test_day5_models.py::test_stay_cancel PASSED [ 50%]
backend\tests\test_integration\test_day5_models.py::test_stay_financial_methods PASSED [ 50%]
backend\tests\test_integration\test_day5_models.py::test_stay_housekeeping PASSED [ 50%]
backend\tests\test_integration\test_day5_models.py::test_stay_to_dict PASSED [ 50%]
backend\tests\test_integration\test_day5_models.py::test_reservation_confirm PASSED [ 51%]
backend\tests\test_integration\test_day5_models.py::test_reservation_cancel PASSED [ 51%]
backend\tests\test_integration\test_day5_models.py::test_reservation_check_in_check_out PASSED [ 51%]
backend\tests\test_integration\test_day5_models.py::test_reservation_mark_no_show PASSED [ 51%]
backend\tests\test_integration\test_day5_models.py::test_reservation_calculate_methods PASSED [ 51%]
backend\tests\test_integration\test_day5_models.py::test_reservation_properties PASSED [ 51%]
backend\tests\test_integration\test_day5_models.py::test_reservation_to_dict PASSED [ 52%]
backend\tests\test_integration\test_day5_models.py::test_checkout_gate_pass_no_charges PASSED [ 52%]
backend\tests\test_integration\test_day5_models.py::test_occupancy_gate_exceeds_total PASSED [ 52%]
backend\tests\test_integration\test_day5_models.py::test_occupancy_gate_no_room_type PASSED [ 52%]
backend\tests\test_integration\test_day5_models.py::test_payment_gate_deposit_paid PASSED [ 52%]
backend\tests\test_integration\test_day5_models.py::test_rate_validation_no_rate_plan PASSED [ 52%]
backend\tests\test_integration\test_day5_models.py::test_rate_validation_zero_rate PASSED [ 52%]
backend\tests\test_integration\test_day6_services.py::test_complete_hotel_workflow_with_services FAILED [ 53%]
backend\tests\test_integration\test_week5_integration.py::TestCachingIntegration::test_cache_basic_operations PASSED [ 53%]
backend\tests\test_integration\test_week5_integration.py::TestCachingIntegration::test_cache_with_ttl PASSED [ 53%]
backend\tests\test_integration\test_week5_integration.py::TestCachingIntegration::test_cache_statistics PASSED [ 53%]
backend\tests\test_integration\test_week5_integration.py::TestRateLimitingIntegration::test_rate_limit_basic SKIPPED [ 53%]
backend\tests\test_integration\test_week5_integration.py::TestRateLimitingIntegration::test_rate_limit_reset SKIPPED [ 53%]
backend\tests\test_integration\test_week5_integration.py::TestRateLimitingIntegration::test_rate_limit_fallback_without_redis PASSED [ 54%]
backend\tests\test_integration\test_week5_integration.py::TestBackgroundJobsIntegration::test_basic_task_execution PASSED [ 54%]
backend\tests\test_integration\test_week5_integration.py::TestBackgroundJobsIntegration::test_report_generation_task SKIPPEDyment' from
'app.models' (C:\Users\akash\pms-hotel-
desktop\backend\app\models\__init__.py))                                 [ 54%]
backend\tests\test_integration\test_week5_integration.py::TestEmailTemplatesIntegration::test_template_rendering FAILED [ 54%]
backend\tests\test_integration\test_week5_integration.py::TestEmailTemplatesIntegration::test_notification_preferences PASSED [ 54%]
backend\tests\test_integration\test_week5_integration.py::TestCombinedSystems::test_cached_api_with_rate_limiting PASSED [ 54%]
backend\tests\test_integration\test_week5_integration.py::TestCombinedSystems::test_background_job_with_caching PASSED [ 54%]
backend\tests\test_integration\test_week5_integration.py::TestCombinedSystems::test_email_with_preferences_and_queue PASSED [ 55%]
backend\tests\test_models\test_business_day.py::TestGetDb::test_get_db_yields_session_and_closes PASSED [ 55%]
backend\tests\test_models\test_business_day.py::TestGetDb::test_get_db_closes_on_exception PASSED [ 55%]
backend\tests\test_models\test_business_day.py::TestInitDb::test_init_db_returns_db_type FAILED [ 55%]
backend\tests\test_models\test_business_day.py::TestInitDb::test_init_db_creates_tables PASSED [ 55%]
backend\tests\test_models\test_business_day.py::TestGetDbInfo::test_get_db_info_returns_dict PASSED [ 55%]
backend\tests\test_models\test_business_day.py::TestGetDbInfo::test_get_db_info_sqlite_values FAILED [ 55%]
backend\tests\test_models\test_business_day.py::TestGetDbInfo::test_get_db_info_masks_credentials PASSED [ 56%]
backend\tests\test_models\test_business_day.py::TestGetDatabaseUrl::test_get_database_url_default PASSED [ 56%]
backend\tests\test_models\test_business_day.py::TestGetDatabaseUrl::test_get_database_url_from_env PASSED [ 56%]
backend\tests\test_models\test_business_day.py::TestPostgresBranch::test_postgres_engine_created_when_env_set PASSED [ 56%]
backend\tests\test_models\test_business_day.py::TestPostgresBranch::test_postgres_db_info_masks_at_credentials PASSED [ 56%]
backend\tests\test_models\test_business_day.py::TestSqlitePragma::test_foreign_keys_pragma_is_enabled PASSED [ 56%]
backend\tests\test_models\test_business_day.py::TestMainEndpoints::test_root_endpoint ERROR [ 57%]
backend\tests\test_models\test_business_day.py::TestMainEndpoints::test_health_check_endpoint ERROR [ 57%]
backend\tests\test_models\test_business_day.py::TestMainEndpoints::test_database_info_endpoint ERROR [ 57%]
backend\tests\test_models\test_business_day.py::TestStartupEvent::test_startup_initializes_database FAILED [ 57%]
backend\tests\test_models\test_business_day.py::TestStartupEvent::test_startup_event_prints_db_type FAILED [ 57%]
backend\tests\test_models\test_business_day.py::TestMainBlock::test_main_block_calls_uvicorn FAILED [ 57%]
backend\tests\test_models\test_charge.py::test_charge_type_values PASSED [ 57%]
backend\tests\test_models\test_charge.py::test_charge_status_values PASSED [ 58%]
backend\tests\test_models\test_charge.py::test_create_basic_charge PASSED [ 58%]
backend\tests\test_models\test_charge.py::test_create_charge_all_types PASSED [ 58%]
backend\tests\test_models\test_charge.py::test_charge_defaults PASSED    [ 58%]
backend\tests\test_models\test_charge.py::test_calculate_total_basic PASSED [ 58%]
backend\tests\test_models\test_charge.py::test_calculate_total_zero_tax PASSED [ 58%]
backend\tests\test_models\test_charge.py::test_calculate_total_none_amount PASSED [ 59%]
backend\tests\test_models\test_charge.py::test_calculate_total_none_tax PASSED [ 59%]
backend\tests\test_models\test_charge.py::test_calculate_tax_ten_percent PASSED [ 59%]
backend\tests\test_models\test_charge.py::test_calculate_tax_zero PASSED [ 59%]
backend\tests\test_models\test_charge.py::test_calculate_tax_fractional PASSED [ 59%]
backend\tests\test_models\test_charge.py::test_calculate_tax_sets_rate PASSED [ 59%]
backend\tests\test_models\test_charge.py::test_post_pending_charge PASSED [ 59%]
backend\tests\test_models\test_charge.py::test_cannot_post_already_posted PASSED [ 60%]
backend\tests\test_models\test_charge.py::test_cannot_post_paid PASSED   [ 60%]
backend\tests\test_models\test_charge.py::test_cannot_post_voided PASSED [ 60%]
backend\tests\test_models\test_charge.py::test_mark_paid_posted_charge PASSED [ 60%]
backend\tests\test_models\test_charge.py::test_mark_paid_without_reference PASSED [ 60%]
backend\tests\test_models\test_charge.py::test_cannot_pay_pending PASSED [ 60%]
backend\tests\test_models\test_charge.py::test_cannot_pay_voided PASSED  [ 61%]
backend\tests\test_models\test_charge.py::test_void_pending_charge PASSED [ 61%]
backend\tests\test_models\test_charge.py::test_void_posted_charge PASSED [ 61%]
backend\tests\test_models\test_charge.py::test_cannot_void_paid PASSED   [ 61%]
backend\tests\test_models\test_charge.py::test_cannot_void_already_voided PASSED [ 61%]
backend\tests\test_models\test_charge.py::test_void_disputed_charge PASSED [ 61%]
backend\tests\test_models\test_charge.py::test_dispute_posted_charge PASSED [ 61%]
backend\tests\test_models\test_charge.py::test_cannot_dispute_pending PASSED [ 62%]
backend\tests\test_models\test_charge.py::test_cannot_dispute_paid PASSED [ 62%]
backend\tests\test_models\test_charge.py::test_cannot_dispute_voided PASSED [ 62%]
backend\tests\test_models\test_charge.py::test_is_paid_true PASSED       [ 62%]
backend\tests\test_models\test_charge.py::test_is_paid_false PASSED      [ 62%]
backend\tests\test_models\test_charge.py::test_is_pending_true PASSED    [ 62%]
backend\tests\test_models\test_charge.py::test_is_pending_false PASSED   [ 62%]
backend\tests\test_models\test_charge.py::test_to_dict_basic PASSED      [ 63%]
backend\tests\test_models\test_charge.py::test_to_dict_dates PASSED      [ 63%]
backend\tests\test_models\test_charge.py::test_to_dict_all_keys_present PASSED [ 63%]
backend\tests\test_models\test_charge.py::test_to_dict_paid_charge PASSED [ 63%]
backend\tests\test_models\test_charge.py::test_to_dict_null_dates PASSED [ 63%]
backend\tests\test_models\test_charge.py::test_repr PASSED               [ 63%]
backend\tests\test_models\test_guest.py::test_create_guest_basic PASSED  [ 64%]
backend\tests\test_models\test_guest.py::test_guest_full_name_property PASSED [ 64%]
backend\tests\test_models\test_guest.py::test_guest_age_calculation PASSED [ 64%]
backend\tests\test_models\test_guest.py::test_guest_corporate_type PASSED [ 64%]
backend\tests\test_models\test_guest.py::test_guest_vip_status PASSED    [ 64%]
backend\tests\test_models\test_guest.py::test_guest_stay_statistics PASSED [ 64%]
backend\tests\test_models\test_guest.py::test_guest_blacklist PASSED     [ 64%]
backend\tests\test_models\test_guest.py::test_guest_contact_information PASSED [ 65%]
backend\tests\test_models\test_guest.py::test_guest_identification PASSED [ 65%]
backend\tests\test_models\test_guest.py::test_guest_special_needs PASSED [ 65%]
backend\tests\test_models\test_guest.py::test_guest_privacy_settings PASSED [ 65%]
backend\tests\test_models\test_guest.py::test_guest_to_dict PASSED       [ 65%]
backend\tests\test_models\test_property.py::test_create_property PASSED  [ 65%]
backend\tests\test_models\test_property.py::test_property_code_unique PASSED [ 66%]
backend\tests\test_models\test_property.py::test_property_to_dict PASSED [ 66%]
backend\tests\test_models\test_rate_plan.py::test_create_rate_plan PASSED [ 66%]
backend\tests\test_models\test_rate_plan.py::test_rate_plan_weekend_rate FAILED [ 66%]
backend\tests\test_models\test_rate_plan.py::test_rate_plan_validity_dates PASSED [ 66%]
backend\tests\test_models\test_rate_plan.py::test_rate_plan_versioning PASSED [ 66%]
backend\tests\test_models\test_rate_plan.py::test_rate_plan_restrictions PASSED [ 66%]
backend\tests\test_models\test_rate_plan.py::test_rate_plan_channel_flags PASSED [ 67%]
backend\tests\test_models\test_rate_plan.py::test_rate_plan_cancellation_policy PASSED [ 67%]
backend\tests\test_models\test_rate_plan.py::test_rate_plan_is_valid_for_date PASSED [ 67%]
backend\tests\test_models\test_rate_plan.py::test_rate_plan_relationships PASSED [ 67%]
backend\tests\test_models\test_rate_plan.py::test_rate_plan_to_dict PASSED [ 67%]
backend\tests\test_models\test_reservation.py::test_create_reservation PASSED [ 67%]
backend\tests\test_models\test_reservation.py::test_confirmation_number_unique PASSED [ 67%]
backend\tests\test_models\test_reservation.py::test_calculate_nights PASSED [ 68%]
backend\tests\test_models\test_reservation.py::test_calculate_total_amount PASSED [ 68%]
backend\tests\test_models\test_reservation.py::test_full_lifecycle PASSED [ 68%]
backend\tests\test_models\test_reservation.py::test_cancellation PASSED  [ 68%]
backend\tests\test_models\test_reservation.py::test_no_show PASSED       [ 68%]
backend\tests\test_models\test_reservation.py::test_date_properties_future PASSED [ 68%]
backend\tests\test_models\test_reservation.py::test_date_properties_past PASSED [ 69%]
backend\tests\test_models\test_reservation.py::test_date_properties_current PASSED [ 69%]
backend\tests\test_models\test_reservation.py::test_arriving_departing_today PASSED [ 69%]
backend\tests\test_models\test_reservation.py::test_relationships PASSED [ 69%]
backend\tests\test_models\test_reservation.py::test_to_dict PASSED       [ 69%]
backend\tests\test_models\test_reservation.py::test_cancel_blocked_for_checked_out PASSED [ 69%]
backend\tests\test_models\test_reservation.py::test_confirm_blocked_for_non_pending PASSED [ 69%]
backend\tests\test_models\test_reservation.py::test_check_in_requires_confirmed PASSED [ 70%]
backend\tests\test_models\test_reservation.py::test_check_out_requires_checked_in PASSED [ 70%]
backend\tests\test_models\test_reservation.py::test_no_show_blocked_for_future PASSED [ 70%]
backend\tests\test_models\test_reservation.py::test_special_fields PASSED [ 70%]
backend\tests\test_models\test_reservation.py::test_default_source PASSED [ 70%]
backend\tests\test_models\test_reservation.py::test_ota_source_and_promo PASSED [ 70%]
backend\tests\test_models\test_room.py::test_create_room PASSED          [ 71%]
backend\tests\test_models\test_room.py::test_room_dual_state_defaults PASSED [ 71%]
backend\tests\test_models\test_room.py::test_room_is_available PASSED    [ 71%]
backend\tests\test_models\test_room.py::test_room_check_in_out_flow PASSED [ 71%]
backend\tests\test_models\test_room.py::test_room_out_of_order PASSED    [ 71%]
backend\tests\test_models\test_room.py::test_room_cleaning_workflow PASSED [ 71%]
backend\tests\test_models\test_room.py::test_room_relationships PASSED   [ 71%]
backend\tests\test_models\test_room.py::test_check_in_already_occupied PASSED [ 72%]
backend\tests\test_models\test_room.py::test_check_out_when_vacant PASSED [ 72%]
backend\tests\test_models\test_room.py::test_mark_dirty PASSED           [ 72%]
backend\tests\test_models\test_room.py::test_room_out_of_order_blocks_availability PASSED [ 72%]
backend\tests\test_models\test_room.py::test_room_inspected_state_available PASSED [ 72%]
backend\tests\test_models\test_room.py::test_room_to_dict PASSED         [ 72%]
backend\tests\test_models\test_room.py::test_full_lifecycle PASSED       [ 72%]
backend\tests\test_models\test_room_and_roomtype.py::test_create_room_type PASSED [ 73%]
backend\tests\test_models\test_room_and_roomtype.py::test_create_room PASSED [ 73%]
backend\tests\test_models\test_room_type.py::test_room_type_to_dict PASSED [ 73%]
backend\tests\test_models\test_room_type.py::test_room_type_default_values PASSED [ 73%]
backend\tests\test_models\test_state_transition_history.py::test_create_state_transition_history PASSED [ 73%]
backend\tests\test_models\test_state_transition_history.py::test_initial_state_transition_null_from PASSED [ 73%]
backend\tests\test_models\test_state_transition_history.py::test_failed_transition PASSED [ 74%]
backend\tests\test_models\test_state_transition_history.py::test_automatic_transition PASSED [ 74%]
backend\tests\test_models\test_state_transition_history.py::test_scheduled_transition PASSED [ 74%]
backend\tests\test_models\test_state_transition_history.py::test_duration_tracking PASSED [ 74%]
backend\tests\test_models\test_state_transition_history.py::test_stay_entity_type PASSED [ 74%]
backend\tests\test_models\test_state_transition_history.py::test_with_notes PASSED [ 74%]
backend\tests\test_models\test_state_transition_history.py::test_transitioned_at_is_set PASSED [ 74%]
backend\tests\test_models\test_state_transition_history.py::test_set_and_get_context PASSED [ 75%]
backend\tests\test_models\test_state_transition_history.py::test_set_context_persists_as_json_string PASSED [ 75%]
backend\tests\test_models\test_state_transition_history.py::test_set_context_with_date_uses_str_default PASSED [ 75%]
backend\tests\test_models\test_state_transition_history.py::test_set_context_empty_dict PASSED [ 75%]
backend\tests\test_models\test_state_transition_history.py::test_set_context_nested PASSED [ 75%]
backend\tests\test_models\test_state_transition_history.py::test_get_context_none PASSED [ 75%]
backend\tests\test_models\test_state_transition_history.py::test_get_context_invalid_json PASSED [ 76%]
backend\tests\test_models\test_state_transition_history.py::test_get_context_empty_string PASSED [ 76%]
backend\tests\test_models\test_state_transition_history.py::test_to_dict_basic PASSED [ 76%]
backend\tests\test_models\test_state_transition_history.py::test_to_dict_with_context PASSED [ 76%]
backend\tests\test_models\test_state_transition_history.py::test_to_dict_null_context PASSED [ 76%]
backend\tests\test_models\test_state_transition_history.py::test_to_dict_with_error_info PASSED [ 76%]
backend\tests\test_models\test_state_transition_history.py::test_to_dict_with_duration PASSED [ 76%]
backend\tests\test_models\test_state_transition_history.py::test_to_dict_null_from_state PASSED [ 77%]
backend\tests\test_models\test_state_transition_history.py::test_to_dict_all_keys_present PASSED [ 77%]
backend\tests\test_models\test_state_transition_history.py::test_repr PASSED [ 77%]
backend\tests\test_models\test_state_transition_history.py::test_repr_null_from_state PASSED [ 77%]
backend\tests\test_models\test_stay.py::test_create_stay PASSED          [ 77%]
backend\tests\test_models\test_stay.py::test_stay_check_in_workflow PASSED [ 77%]
backend\tests\test_models\test_stay.py::test_stay_check_out_workflow FAILED [ 77%]
backend\tests\test_models\test_stay.py::test_stay_charge_tracking PASSED [ 78%]
backend\tests\test_models\test_stay.py::test_stay_cancellation PASSED    [ 78%]
backend\tests\test_models\test_stay.py::test_stay_housekeeping_flags PASSED [ 78%]
backend\tests\test_models\test_stay.py::test_stay_relationships PASSED   [ 78%]
backend\tests\test_models\test_stay.py::test_stay_to_dict PASSED         [ 78%]
backend\tests\test_models\test_stay.py::test_stay_validate_dates_raises_for_bad_checkout PASSED [ 78%]
backend\tests\test_models\test_stay.py::test_stay_validate_dates_raises_for_bad_checkin PASSED [ 79%]
backend\tests\test_models\test_stay.py::test_stay_number_of_nights_zero_when_dates_missing PASSED [ 79%]
backend\tests\test_models\test_stay.py::test_stay_check_in_out_and_cancel_failure_paths PASSED [ 79%]
backend\tests\test_models\test_stay.py::test_stay_mark_cleaning_required_and_completed PASSED [ 79%]
backend\tests\test_models\test_stay.py::test_stay_repr_uses_status_value PASSED [ 79%]
backend\tests\test_services\test_analytics_services.py::test_calculate_daily_metrics PASSED [ 79%]
backend\tests\test_services\test_analytics_services.py::test_get_daily_metrics_range PASSED [ 79%]
backend\tests\test_services\test_analytics_services.py::test_calculate_monthly_metrics PASSED [ 80%]
backend\tests\test_services\test_analytics_services.py::test_get_kpi_summary PASSED [ 80%]
backend\tests\test_services\test_analytics_services.py::test_occupancy_trends PASSED [ 80%]
backend\tests\test_services\test_analytics_services.py::test_revenue_trends PASSED [ 80%]
backend\tests\test_services\test_analytics_services.py::test_comparative_analysis PASSED [ 80%]
backend\tests\test_services\test_analytics_services.py::test_performance_scorecard PASSED [ 80%]
backend\tests\test_services\test_analytics_services.py::test_efficiency_metrics PASSED [ 81%]
backend\tests\test_services\test_analytics_services.py::test_forecast PASSED [ 81%]
backend\tests\test_services\test_audit_service.py::test_log_data_access FAILED [ 81%]
backend\tests\test_services\test_audit_service.py::test_log_compliance_event PASSED [ 81%]
backend\tests\test_services\test_audit_service.py::test_search_audit_logs FAILED [ 81%]
backend\tests\test_services\test_audit_service.py::test_search_with_date_range FAILED [ 81%]
backend\tests\test_services\test_audit_service.py::test_export_audit_logs_csv FAILED [ 81%]
backend\tests\test_services\test_audit_service.py::test_export_audit_logs_json FAILED [ 82%]
backend\tests\test_services\test_audit_service.py::test_get_compliance_report PASSED [ 82%]
backend\tests\test_services\test_audit_service.py::test_get_security_summary FAILED [ 82%]
backend\tests\test_services\test_audit_service.py::test_check_data_retention PASSED [ 82%]
backend\tests\test_services\test_auth_service.py::test_create_user FAILED [ 82%]
backend\tests\test_services\test_auth_service.py::test_create_duplicate_user FAILED [ 82%]
backend\tests\test_services\test_auth_service.py::test_authenticate_user_success FAILED [ 83%]
backend\tests\test_services\test_auth_service.py::test_authenticate_user_wrong_password FAILED [ 83%]
backend\tests\test_services\test_auth_service.py::test_authenticate_user_not_found PASSED [ 83%]
backend\tests\test_services\test_auth_service.py::test_account_lockout FAILED [ 83%]
backend\tests\test_services\test_auth_service.py::test_change_password FAILED [ 83%]
backend\tests\test_services\test_auth_service.py::test_change_password_wrong_old_password FAILED [ 83%]
backend\tests\test_services\test_auth_service.py::test_refresh_token FAILED [ 83%]
backend\tests\test_services\test_auth_service.py::test_logout FAILED     [ 84%]
backend\tests\test_services\test_auth_service.py::test_audit_logging FAILED [ 84%]
backend\tests\test_services\test_auth_service.py::test_user_permissions FAILED [ 84%]
backend\tests\test_services\test_auth_service.py::test_user_roles FAILED [ 84%]
backend\tests\test_services\test_check_in_service.py::test_complete_check_in_workflow FAILED [ 84%]
backend\tests\test_services\test_check_in_service.py::test_check_in_auto_assign_room FAILED [ 84%]
backend\tests\test_services\test_check_in_service.py::test_check_in_by_confirmation_number FAILED [ 84%]
backend\tests\test_services\test_check_out_service.py::test_full_checkout_flow ERROR [ 85%]
backend\tests\test_services\test_check_out_service.py::test_checkout_by_room_and_res ERROR [ 85%]
backend\tests\test_services\test_check_out_service.py::test_final_bill_generation ERROR [ 85%]
backend\tests\test_services\test_check_out_service.py::test_guest_stats_update ERROR [ 85%]
backend\tests\test_services\test_check_out_service.py::test_checkout_validation_failure ERROR [ 85%]
backend\tests\test_services\test_check_out_service.py::test_error_missing_ids PASSED [ 85%]
backend\tests\test_services\test_check_out_service.py::test_error_no_stay_found PASSED [ 86%]
backend\tests\test_services\test_coverage_booster.py::test_service_initialization PASSED [ 86%]
backend\tests\test_services\test_filter_service.py::test_apply_filters PASSED [ 86%]
backend\tests\test_services\test_filter_service.py::test_filter_operators PASSED [ 86%]
backend\tests\test_services\test_filter_service.py::test_get_filter_operators PASSED [ 86%]
backend\tests\test_services\test_filter_service.py::test_validate_filter PASSED [ 86%]
backend\tests\test_services\test_filter_service.py::test_get_filterable_fields PASSED [ 86%]
backend\tests\test_services\test_guest_service.py::test_create_guest PASSED [ 87%]
backend\tests\test_services\test_guest_service.py::test_create_duplicate_email_fails PASSED [ 87%]
backend\tests\test_services\test_guest_service.py::test_get_guest PASSED [ 87%]
backend\tests\test_services\test_guest_service.py::test_update_guest PASSED [ 87%]
backend\tests\test_services\test_guest_service.py::test_search_guests PASSED [ 87%]
backend\tests\test_services\test_guest_service.py::test_blacklist_workflow PASSED [ 87%]
backend\tests\test_services\test_guest_service.py::test_get_guest_reservations_empty PASSED [ 88%]
backend\tests\test_services\test_housekeeping_services.py::test_create_housekeeping_task PASSED [ 88%]
backend\tests\test_services\test_housekeeping_services.py::test_assign_task PASSED [ 88%]
backend\tests\test_services\test_housekeeping_services.py::test_complete_task_workflow FAILED [ 88%]
backend\tests\test_services\test_housekeeping_services.py::test_inspect_task FAILED [ 88%]
backend\tests\test_services\test_housekeeping_services.py::test_inspect_task_failed FAILED [ 88%]
backend\tests\test_services\test_housekeeping_services.py::test_create_maintenance_request PASSED [ 88%]
backend\tests\test_services\test_housekeeping_services.py::test_maintenance_workflow PASSED [ 89%]
backend\tests\test_services\test_housekeeping_services.py::test_workflow_automation PASSED [ 89%]
backend\tests\test_services\test_housekeeping_services.py::test_auto_assign_tasks PASSED [ 89%]
backend\tests\test_services\test_notification_service.py::test_get_notification_history PASSED [ 89%]
backend\tests\test_services\test_notification_service.py::test_notification_model_creation PASSED [ 89%]
backend\tests\test_services\test_rate_services.py::test_create_rate_plan PASSED [ 89%]
backend\tests\test_services\test_rate_services.py::test_calculate_rate_with_adjustment PASSED [ 89%]
backend\tests\test_services\test_rate_services.py::test_create_seasonal_rate PASSED [ 90%]
backend\tests\test_services\test_rate_services.py::test_create_discount_code PASSED [ 90%]
backend\tests\test_services\test_rate_services.py::test_validate_discount_code PASSED [ 90%]
backend\tests\test_services\test_rate_services.py::test_pricing_engine_best_rate PASSED [ 90%]
backend\tests\test_services\test_rate_services.py::test_generate_discount_code PASSED [ 90%]
backend\tests\test_services\test_rate_services.py::test_get_available_rate_plans PASSED [ 90%]
backend\tests\test_services\test_reservation_service.py::test_create_reservation PASSED [ 91%]
backend\tests\test_services\test_reservation_service.py::test_create_reservation_invalid_dates FAILED [ 91%]
backend\tests\test_services\test_reservation_service.py::test_confirm_reservation FAILED [ 91%]
backend\tests\test_services\test_reservation_service.py::test_cancel_reservation FAILED [ 91%]
backend\tests\test_services\test_reservation_service.py::test_modify_reservation PASSED [ 91%]
backend\tests\test_services\test_reservation_service.py::test_get_reservation_by_confirmation PASSED [ 91%]
backend\tests\test_services\test_room_service.py::test_get_room_by_number PASSED [ 91%]
backend\tests\test_services\test_room_service.py::test_get_available_rooms PASSED [ 92%]
backend\tests\test_services\test_room_service.py::test_mark_room_clean PASSED [ 92%]
backend\tests\test_services\test_room_service.py::test_take_room_out_of_order PASSED [ 92%]
backend\tests\test_services\test_room_service.py::test_return_room_to_service PASSED [ 92%]
backend\tests\test_services\test_room_service.py::test_housekeeping_status PASSED [ 92%]
backend\tests\test_services\test_search_service.py::test_global_search FAILED [ 92%]
backend\tests\test_services\test_search_service.py::test_search_reservations PASSED [ 93%]
backend\tests\test_services\test_search_service.py::test_search_guests PASSED [ 93%]
backend\tests\test_services\test_search_service.py::test_save_search FAILED [ 93%]
backend\tests\test_services\test_search_service.py::test_get_saved_searches FAILED [ 93%]
backend\tests\test_services\test_search_service.py::test_use_saved_search FAILED [ 93%]
backend\tests\test_services\test_search_service.py::test_delete_saved_search FAILED [ 93%]
backend\tests\test_services\test_search_service.py::test_track_search FAILED [ 93%]
backend\tests\test_services\test_search_service.py::test_get_search_history FAILED [ 94%]
backend\tests\test_services\test_search_service.py::test_get_search_suggestions FAILED [ 94%]
backend\tests\test_services\test_search_service.py::test_create_quick_filter PASSED [ 94%]
backend\tests\test_services\test_search_service.py::test_get_quick_filters PASSED [ 94%]
backend\tests\test_services\test_stay_service.py::test_create_stay PASSED [ 94%]
backend\tests\test_services\test_stay_service.py::test_check_in_stay PASSED [ 94%]
backend\tests\test_services\test_stay_service.py::test_check_out_stay FAILED [ 94%]
backend\tests\test_services\test_stay_service.py::test_add_charge_to_stay PASSED [ 95%]
backend\tests\test_services\test_stay_service.py::test_post_room_charges PASSED [ 95%]
backend\tests\test_services\test_user_management.py::test_get_users FAILED [ 95%]
backend\tests\test_services\test_user_management.py::test_get_users_with_filters FAILED [ 95%]
backend\tests\test_services\test_user_management.py::test_get_users_with_search FAILED [ 95%]
backend\tests\test_services\test_user_management.py::test_update_user FAILED [ 95%]
backend\tests\test_services\test_user_management.py::test_update_user_duplicate_username FAILED [ 96%]
backend\tests\test_services\test_user_management.py::test_deactivate_user FAILED [ 96%]
backend\tests\test_services\test_user_management.py::test_activate_user FAILED [ 96%]
backend\tests\test_services\test_user_management.py::test_reset_password FAILED [ 96%]
backend\tests\test_services\test_user_management.py::test_unlock_account FAILED [ 96%]
backend\tests\test_services\test_user_management.py::test_get_user_stats FAILED [ 96%]
backend\tests\test_services\test_user_management.py::test_get_role_stats FAILED [ 96%]
backend\tests\test_state_machines\test_reservation_state_machine.py::test_valid_transition_pending_to_confirmed PASSED [ 97%]
backend\tests\test_state_machines\test_reservation_state_machine.py::test_invalid_transition_pending_to_checked_in PASSED [ 97%]
backend\tests\test_state_machines\test_reservation_state_machine.py::test_complete_lifecycle FAILED [ 97%]
backend\tests\test_state_machines\test_reservation_state_machine.py::test_cancellation_from_pending PASSED [ 97%]
backend\tests\test_state_machines\test_reservation_state_machine.py::test_cancellation_from_confirmed FAILED [ 97%]
backend\tests\test_state_machines\test_reservation_state_machine.py::test_no_show_marking PASSED [ 97%]
backend\tests\test_state_machines\test_reservation_state_machine.py::test_cannot_mark_no_show_for_future_reservation FAILED [ 98%]
backend\tests\test_state_machines\test_reservation_state_machine.py::test_get_valid_transitions PASSED [ 98%]
backend\tests\test_state_machines\test_reservation_state_machine.py::test_terminal_states_no_transitions FAILED [ 98%]
backend\tests\test_state_machines\test_reservation_state_machine.py::test_emergency_cancellation_after_check_in FAILED [ 98%]
backend\tests\test_state_machines\test_stay_state_machine.py::test_valid_transition_reserved_to_checked_in PASSED [ 98%]
backend\tests\test_state_machines\test_stay_state_machine.py::test_invalid_transition_reserved_to_checked_out PASSED [ 98%]
backend\tests\test_state_machines\test_stay_state_machine.py::test_complete_lifecycle FAILED [ 98%]
backend\tests\test_state_machines\test_stay_state_machine.py::test_cancellation_before_check_in PASSED [ 99%]
backend\tests\test_state_machines\test_stay_state_machine.py::test_cannot_cancel_after_check_in FAILED [ 99%]
backend\tests\test_state_machines\test_stay_state_machine.py::test_get_valid_transitions PASSED [ 99%]
backend\tests\test_state_machines\test_stay_state_machine.py::test_terminal_states_no_transitions FAILED [ 99%]
backend\tests\test_state_machines\test_stay_state_machine.py::test_room_status_updates_on_check_in PASSED [ 99%]
backend\tests\test_state_machines\test_stay_state_machine.py::test_room_status_updates_on_check_out FAILED [ 99%]
backend\tests\test_state_machines\test_stay_state_machine.py::test_inactive_room_prevents_check_in PASSED [100%]C:\Users\akash\pms-hotel-desktop\venv\Lib\site-packages\coverage\inorout.py:561: CoverageWarning: Module app/gates was never imported. (module-not-imported); see https://coverage.readthedocs.io/en/7.13.4/messages.html#warning-module-not-imported
  self.warn(f"Module {pkg} was never imported.", slug="module-not-imported")
C:\Users\akash\pms-hotel-desktop\venv\Lib\site-packages\coverage\inorout.py:561: CoverageWarning: Module app/models was never imported. (module-not-imported); see https://coverage.readthedocs.io/en/7.13.4/messages.html#warning-module-not-imported
  self.warn(f"Module {pkg} was never imported.", slug="module-not-imported")
C:\Users\akash\pms-hotel-desktop\venv\Lib\site-packages\coverage\control.py:958: CoverageWarning: No data was collected. (no-data-collected); see https://coverage.readthedocs.io/en/7.13.4/messages.html#warning-no-data-collected
  self._warn("No data was collected.", slug="no-data-collected")
C:\Users\akash\pms-hotel-desktop\venv\Lib\site-packages\pytest_cov\plugin.py:312: CovReportWarning: Failed to generate report: No data to report.

  warnings.warn(CovReportWarning(message))
WARNING: Failed to generate report: No data to report.



=================================== ERRORS ====================================
_____________________ ERROR at setup of test_create_guest _____________________
backend\tests\test_api\conftest.py:76: in client
    with TestClient(app) as c:
venv\Lib\site-packages\starlette\testclient.py:745: in __enter__
    portal.call(self.wait_startup)
venv\Lib\site-packages\anyio\from_thread.py:277: in call
    return cast(T_Retval, self.start_task_soon(func, *args).result())
c:\python312\Lib\concurrent\futures\_base.py:456: in result
    return self.__get_result()
c:\python312\Lib\concurrent\futures\_base.py:401: in __get_result
    raise self._exception
venv\Lib\site-packages\anyio\from_thread.py:217: in _call_func
    retval = await retval
venv\Lib\site-packages\starlette\testclient.py:774: in wait_startup
    message = await receive()
venv\Lib\site-packages\starlette\testclient.py:771: in receive
    self.task.result()
c:\python312\Lib\concurrent\futures\_base.py:449: in result
    return self.__get_result()
c:\python312\Lib\concurrent\futures\_base.py:401: in __get_result
    raise self._exception
venv\Lib\site-packages\anyio\from_thread.py:217: in _call_func
    retval = await retval
venv\Lib\site-packages\starlette\testclient.py:761: in lifespan
    await self.app(scope, self.stream_receive.receive, self.stream_send.send)
venv\Lib\site-packages\fastapi\applications.py:1106: in __call__
    await super().__call__(scope, receive, send)
venv\Lib\site-packages\starlette\applications.py:121: in __call__
    self.middleware_stack = self.build_middleware_stack()
venv\Lib\site-packages\fastapi\applications.py:1015: in build_middleware_stack
    app = cls(app=app, **options)
E   TypeError: RateLimitMiddleware.__init__() got an unexpected keyword argument 'requests_per_minute'
____________________ ERROR at setup of test_search_guests _____________________
backend\tests\test_api\conftest.py:76: in client
    with TestClient(app) as c:
venv\Lib\site-packages\starlette\testclient.py:745: in __enter__
    portal.call(self.wait_startup)
venv\Lib\site-packages\anyio\from_thread.py:277: in call
    return cast(T_Retval, self.start_task_soon(func, *args).result())
c:\python312\Lib\concurrent\futures\_base.py:456: in result
    return self.__get_result()
c:\python312\Lib\concurrent\futures\_base.py:401: in __get_result
    raise self._exception
venv\Lib\site-packages\anyio\from_thread.py:217: in _call_func
    retval = await retval
venv\Lib\site-packages\starlette\testclient.py:774: in wait_startup
    message = await receive()
venv\Lib\site-packages\starlette\testclient.py:771: in receive
    self.task.result()
c:\python312\Lib\concurrent\futures\_base.py:449: in result
    return self.__get_result()
c:\python312\Lib\concurrent\futures\_base.py:401: in __get_result
    raise self._exception
venv\Lib\site-packages\anyio\from_thread.py:217: in _call_func
    retval = await retval
venv\Lib\site-packages\starlette\testclient.py:761: in lifespan
    await self.app(scope, self.stream_receive.receive, self.stream_send.send)
venv\Lib\site-packages\fastapi\applications.py:1106: in __call__
    await super().__call__(scope, receive, send)
venv\Lib\site-packages\starlette\applications.py:121: in __call__
    self.middleware_stack = self.build_middleware_stack()
venv\Lib\site-packages\fastapi\applications.py:1015: in build_middleware_stack
    app = cls(app=app, **options)
E   TypeError: RateLimitMiddleware.__init__() got an unexpected keyword argument 'requests_per_minute'
_______________ ERROR at setup of test_queue_confirmation_email _______________
backend\tests\test_api\conftest.py:76: in client
    with TestClient(app) as c:
venv\Lib\site-packages\starlette\testclient.py:745: in __enter__
    portal.call(self.wait_startup)
venv\Lib\site-packages\anyio\from_thread.py:277: in call
    return cast(T_Retval, self.start_task_soon(func, *args).result())
c:\python312\Lib\concurrent\futures\_base.py:456: in result
    return self.__get_result()
c:\python312\Lib\concurrent\futures\_base.py:401: in __get_result
    raise self._exception
venv\Lib\site-packages\anyio\from_thread.py:217: in _call_func
    retval = await retval
venv\Lib\site-packages\starlette\testclient.py:774: in wait_startup
    message = await receive()
venv\Lib\site-packages\starlette\testclient.py:771: in receive
    self.task.result()
c:\python312\Lib\concurrent\futures\_base.py:449: in result
    return self.__get_result()
c:\python312\Lib\concurrent\futures\_base.py:401: in __get_result
    raise self._exception
venv\Lib\site-packages\anyio\from_thread.py:217: in _call_func
    retval = await retval
venv\Lib\site-packages\starlette\testclient.py:761: in lifespan
    await self.app(scope, self.stream_receive.receive, self.stream_send.send)
venv\Lib\site-packages\fastapi\applications.py:1106: in __call__
    await super().__call__(scope, receive, send)
venv\Lib\site-packages\starlette\applications.py:121: in __call__
    self.middleware_stack = self.build_middleware_stack()
venv\Lib\site-packages\fastapi\applications.py:1015: in build_middleware_stack
    app = cls(app=app, **options)
E   TypeError: RateLimitMiddleware.__init__() got an unexpected keyword argument 'requests_per_minute'
_______________ ERROR at setup of test_get_notification_history _______________
backend\tests\test_api\conftest.py:76: in client
    with TestClient(app) as c:
venv\Lib\site-packages\starlette\testclient.py:745: in __enter__
    portal.call(self.wait_startup)
venv\Lib\site-packages\anyio\from_thread.py:277: in call
    return cast(T_Retval, self.start_task_soon(func, *args).result())
c:\python312\Lib\concurrent\futures\_base.py:449: in result
    return self.__get_result()
c:\python312\Lib\concurrent\futures\_base.py:401: in __get_result
    raise self._exception
venv\Lib\site-packages\anyio\from_thread.py:217: in _call_func
    retval = await retval
venv\Lib\site-packages\starlette\testclient.py:774: in wait_startup
    message = await receive()
venv\Lib\site-packages\starlette\testclient.py:771: in receive
    self.task.result()
c:\python312\Lib\concurrent\futures\_base.py:449: in result
    return self.__get_result()
c:\python312\Lib\concurrent\futures\_base.py:401: in __get_result
    raise self._exception
venv\Lib\site-packages\anyio\from_thread.py:217: in _call_func
    retval = await retval
venv\Lib\site-packages\starlette\testclient.py:761: in lifespan
    await self.app(scope, self.stream_receive.receive, self.stream_send.send)
venv\Lib\site-packages\fastapi\applications.py:1106: in __call__
    await super().__call__(scope, receive, send)
venv\Lib\site-packages\starlette\applications.py:121: in __call__
    self.middleware_stack = self.build_middleware_stack()
venv\Lib\site-packages\fastapi\applications.py:1015: in build_middleware_stack
    app = cls(app=app, **options)
E   TypeError: RateLimitMiddleware.__init__() got an unexpected keyword argument 'requests_per_minute'
_______________ ERROR at setup of test_get_guest_notifications ________________
backend\tests\test_api\conftest.py:76: in client
    with TestClient(app) as c:
venv\Lib\site-packages\starlette\testclient.py:745: in __enter__
    portal.call(self.wait_startup)
venv\Lib\site-packages\anyio\from_thread.py:277: in call
    return cast(T_Retval, self.start_task_soon(func, *args).result())
c:\python312\Lib\concurrent\futures\_base.py:456: in result
    return self.__get_result()
c:\python312\Lib\concurrent\futures\_base.py:401: in __get_result
    raise self._exception
venv\Lib\site-packages\anyio\from_thread.py:217: in _call_func
    retval = await retval
venv\Lib\site-packages\starlette\testclient.py:774: in wait_startup
    message = await receive()
venv\Lib\site-packages\starlette\testclient.py:771: in receive
    self.task.result()
c:\python312\Lib\concurrent\futures\_base.py:449: in result
    return self.__get_result()
c:\python312\Lib\concurrent\futures\_base.py:401: in __get_result
    raise self._exception
venv\Lib\site-packages\anyio\from_thread.py:217: in _call_func
    retval = await retval
venv\Lib\site-packages\starlette\testclient.py:761: in lifespan
    await self.app(scope, self.stream_receive.receive, self.stream_send.send)
venv\Lib\site-packages\fastapi\applications.py:1106: in __call__
    await super().__call__(scope, receive, send)
venv\Lib\site-packages\starlette\applications.py:121: in __call__
    self.middleware_stack = self.build_middleware_stack()
venv\Lib\site-packages\fastapi\applications.py:1015: in build_middleware_stack
    app = cls(app=app, **options)
E   TypeError: RateLimitMiddleware.__init__() got an unexpected keyword argument 'requests_per_minute'
________________ ERROR at setup of test_list_report_templates _________________
backend\tests\test_api\conftest.py:76: in client
    with TestClient(app) as c:
venv\Lib\site-packages\starlette\testclient.py:745: in __enter__
    portal.call(self.wait_startup)
venv\Lib\site-packages\anyio\from_thread.py:277: in call
    return cast(T_Retval, self.start_task_soon(func, *args).result())
c:\python312\Lib\concurrent\futures\_base.py:456: in result
    return self.__get_result()
c:\python312\Lib\concurrent\futures\_base.py:401: in __get_result
    raise self._exception
venv\Lib\site-packages\anyio\from_thread.py:217: in _call_func
    retval = await retval
venv\Lib\site-packages\starlette\testclient.py:774: in wait_startup
    message = await receive()
venv\Lib\site-packages\starlette\testclient.py:771: in receive
    self.task.result()
c:\python312\Lib\concurrent\futures\_base.py:449: in result
    return self.__get_result()
c:\python312\Lib\concurrent\futures\_base.py:401: in __get_result
    raise self._exception
venv\Lib\site-packages\anyio\from_thread.py:217: in _call_func
    retval = await retval
venv\Lib\site-packages\starlette\testclient.py:761: in lifespan
    await self.app(scope, self.stream_receive.receive, self.stream_send.send)
venv\Lib\site-packages\fastapi\applications.py:1106: in __call__
    await super().__call__(scope, receive, send)
venv\Lib\site-packages\starlette\applications.py:121: in __call__
    self.middleware_stack = self.build_middleware_stack()
venv\Lib\site-packages\fastapi\applications.py:1015: in build_middleware_stack
    app = cls(app=app, **options)
E   TypeError: RateLimitMiddleware.__init__() got an unexpected keyword argument 'requests_per_minute'
________________ ERROR at setup of test_get_template_not_found ________________
backend\tests\test_api\conftest.py:76: in client
    with TestClient(app) as c:
venv\Lib\site-packages\starlette\testclient.py:745: in __enter__
    portal.call(self.wait_startup)
venv\Lib\site-packages\anyio\from_thread.py:277: in call
    return cast(T_Retval, self.start_task_soon(func, *args).result())
c:\python312\Lib\concurrent\futures\_base.py:449: in result
    return self.__get_result()
c:\python312\Lib\concurrent\futures\_base.py:401: in __get_result
    raise self._exception
venv\Lib\site-packages\anyio\from_thread.py:217: in _call_func
    retval = await retval
venv\Lib\site-packages\starlette\testclient.py:774: in wait_startup
    message = await receive()
venv\Lib\site-packages\starlette\testclient.py:771: in receive
    self.task.result()
c:\python312\Lib\concurrent\futures\_base.py:449: in result
    return self.__get_result()
c:\python312\Lib\concurrent\futures\_base.py:401: in __get_result
    raise self._exception
venv\Lib\site-packages\anyio\from_thread.py:217: in _call_func
    retval = await retval
venv\Lib\site-packages\starlette\testclient.py:761: in lifespan
    await self.app(scope, self.stream_receive.receive, self.stream_send.send)
venv\Lib\site-packages\fastapi\applications.py:1106: in __call__
    await super().__call__(scope, receive, send)
venv\Lib\site-packages\starlette\applications.py:121: in __call__
    self.middleware_stack = self.build_middleware_stack()
venv\Lib\site-packages\fastapi\applications.py:1015: in build_middleware_stack
    app = cls(app=app, **options)
E   TypeError: RateLimitMiddleware.__init__() got an unexpected keyword argument 'requests_per_minute'
_________ ERROR at setup of test_generate_template_with_invalid_range _________
backend\tests\test_api\conftest.py:76: in client
    with TestClient(app) as c:
venv\Lib\site-packages\starlette\testclient.py:745: in __enter__
    portal.call(self.wait_startup)
venv\Lib\site-packages\anyio\from_thread.py:277: in call
    return cast(T_Retval, self.start_task_soon(func, *args).result())
c:\python312\Lib\concurrent\futures\_base.py:449: in result
    return self.__get_result()
c:\python312\Lib\concurrent\futures\_base.py:401: in __get_result
    raise self._exception
venv\Lib\site-packages\anyio\from_thread.py:217: in _call_func
    retval = await retval
venv\Lib\site-packages\starlette\testclient.py:774: in wait_startup
    message = await receive()
venv\Lib\site-packages\starlette\testclient.py:771: in receive
    self.task.result()
c:\python312\Lib\concurrent\futures\_base.py:449: in result
    return self.__get_result()
c:\python312\Lib\concurrent\futures\_base.py:401: in __get_result
    raise self._exception
venv\Lib\site-packages\anyio\from_thread.py:217: in _call_func
    retval = await retval
venv\Lib\site-packages\starlette\testclient.py:761: in lifespan
    await self.app(scope, self.stream_receive.receive, self.stream_send.send)
venv\Lib\site-packages\fastapi\applications.py:1106: in __call__
    await super().__call__(scope, receive, send)
venv\Lib\site-packages\starlette\applications.py:121: in __call__
    self.middleware_stack = self.build_middleware_stack()
venv\Lib\site-packages\fastapi\applications.py:1015: in build_middleware_stack
    app = cls(app=app, **options)
E   TypeError: RateLimitMiddleware.__init__() got an unexpected keyword argument 'requests_per_minute'
______________ ERROR at setup of test_generate_template_success _______________
backend\tests\test_api\conftest.py:76: in client
    with TestClient(app) as c:
venv\Lib\site-packages\starlette\testclient.py:745: in __enter__
    portal.call(self.wait_startup)
venv\Lib\site-packages\anyio\from_thread.py:277: in call
    return cast(T_Retval, self.start_task_soon(func, *args).result())
c:\python312\Lib\concurrent\futures\_base.py:449: in result
    return self.__get_result()
c:\python312\Lib\concurrent\futures\_base.py:401: in __get_result
    raise self._exception
venv\Lib\site-packages\anyio\from_thread.py:217: in _call_func
    retval = await retval
venv\Lib\site-packages\starlette\testclient.py:774: in wait_startup
    message = await receive()
venv\Lib\site-packages\starlette\testclient.py:771: in receive
    self.task.result()
c:\python312\Lib\concurrent\futures\_base.py:449: in result
    return self.__get_result()
c:\python312\Lib\concurrent\futures\_base.py:401: in __get_result
    raise self._exception
venv\Lib\site-packages\anyio\from_thread.py:217: in _call_func
    retval = await retval
venv\Lib\site-packages\starlette\testclient.py:761: in lifespan
    await self.app(scope, self.stream_receive.receive, self.stream_send.send)
venv\Lib\site-packages\fastapi\applications.py:1106: in __call__
    await super().__call__(scope, receive, send)
venv\Lib\site-packages\starlette\applications.py:121: in __call__
    self.middleware_stack = self.build_middleware_stack()
venv\Lib\site-packages\fastapi\applications.py:1015: in build_middleware_stack
    app = cls(app=app, **options)
E   TypeError: RateLimitMiddleware.__init__() got an unexpected keyword argument 'requests_per_minute'
_______________ ERROR at setup of test_revenue_summary_endpoint _______________
backend\tests\test_api\conftest.py:76: in client
    with TestClient(app) as c:
venv\Lib\site-packages\starlette\testclient.py:745: in __enter__
    portal.call(self.wait_startup)
venv\Lib\site-packages\anyio\from_thread.py:277: in call
    return cast(T_Retval, self.start_task_soon(func, *args).result())
c:\python312\Lib\concurrent\futures\_base.py:456: in result
    return self.__get_result()
c:\python312\Lib\concurrent\futures\_base.py:401: in __get_result
    raise self._exception
venv\Lib\site-packages\anyio\from_thread.py:217: in _call_func
[...]
venv\Lib\site-packages\passlib\handlers\bcrypt.py:380: in detect_wrap_bug
    if verify(secret, bug_hash):
venv\Lib\site-packages\passlib\utils\handlers.py:792: in verify
    return consteq(self._calc_checksum(secret), chk)
venv\Lib\site-packages\passlib\handlers\bcrypt.py:655: in _calc_checksum
    hash = _bcrypt.hashpw(secret, config)
E   ValueError: password cannot be longer than 72 bytes, truncate manually if necessary (e.g. my_password[:72])
------------------------------ Captured log call ------------------------------
WARNING  passlib.handlers.bcrypt:bcrypt.py:622 (trapped) error reading bcrypt version
Traceback (most recent call last):
  File "C:\Users\akash\pms-hotel-desktop\venv\Lib\site-packages\passlib\handlers\bcrypt.py", line 620, in _load_backend_mixin
    version = _bcrypt.__about__.__version__
              ^^^^^^^^^^^^^^^^^
AttributeError: module 'bcrypt' has no attribute '__about__'
___________________________ test_complete_lifecycle ___________________________
backend\tests\test_state_machines\test_reservation_state_machine.py:141: in test_complete_lifecycle
    assert sm.check_in("frontdesk")[0]
backend\app\state_machines\reservation_state_machine.py:232: in check_in
    return self.transition_to(ReservationStatus.CHECKED_IN, checked_in_by)
backend\app\state_machines\reservation_state_machine.py:87: in transition_to
    (datetime.now(timezone.utc) - self.reservation.status_changed_at).total_seconds()
E   TypeError: can't subtract offset-naive and offset-aware datetimes
______________________ test_cancellation_from_confirmed _______________________
backend\tests\test_state_machines\test_reservation_state_machine.py:173: in test_cancellation_from_confirmed
    success, _ = sm.cancel("guest", reason="Emergency")
backend\app\state_machines\reservation_state_machine.py:238: in cancel
    result = self.transition_to(
backend\app\state_machines\reservation_state_machine.py:87: in transition_to
    (datetime.now(timezone.utc) - self.reservation.status_changed_at).total_seconds()
E   TypeError: can't subtract offset-naive and offset-aware datetimes
_______________ test_cannot_mark_no_show_for_future_reservation _______________
backend\tests\test_state_machines\test_reservation_state_machine.py:203: in test_cannot_mark_no_show_for_future_reservation
    success, error = sm.mark_no_show("system")
backend\app\state_machines\reservation_state_machine.py:248: in mark_no_show
    return self.transition_to(ReservationStatus.NO_SHOW, marked_by)
backend\app\state_machines\reservation_state_machine.py:87: in transition_to
    (datetime.now(timezone.utc) - self.reservation.status_changed_at).total_seconds()
E   TypeError: can't subtract offset-naive and offset-aware datetimes
_____________________ test_terminal_states_no_transitions _____________________
backend\tests\test_state_machines\test_reservation_state_machine.py:232: in test_terminal_states_no_transitions
    sm.check_in("frontdesk")
backend\app\state_machines\reservation_state_machine.py:232: in check_in
    return self.transition_to(ReservationStatus.CHECKED_IN, checked_in_by)
backend\app\state_machines\reservation_state_machine.py:87: in transition_to
    (datetime.now(timezone.utc) - self.reservation.status_changed_at).total_seconds()
E   TypeError: can't subtract offset-naive and offset-aware datetimes
_________________ test_emergency_cancellation_after_check_in __________________
backend\tests\test_state_machines\test_reservation_state_machine.py:248: in test_emergency_cancellation_after_check_in
    sm.check_in("frontdesk")
backend\app\state_machines\reservation_state_machine.py:232: in check_in
    return self.transition_to(ReservationStatus.CHECKED_IN, checked_in_by)
backend\app\state_machines\reservation_state_machine.py:87: in transition_to
    (datetime.now(timezone.utc) - self.reservation.status_changed_at).total_seconds()
E   TypeError: can't subtract offset-naive and offset-aware datetimes
___________________________ test_complete_lifecycle ___________________________
backend\tests\test_state_machines\test_stay_state_machine.py:144: in test_complete_lifecycle
    success, _ = sm.check_out(checked_out_by="frontdesk")
backend\app\state_machines\stay_state_machine.py:245: in check_out
    success, error = self.transition_to(
backend\app\state_machines\stay_state_machine.py:88: in transition_to
    (datetime.now(timezone.utc) - self.stay.actual_check_in_time).total_seconds()
E   TypeError: can't subtract offset-naive and offset-aware datetimes
______________________ test_cannot_cancel_after_check_in ______________________
backend\tests\test_state_machines\test_stay_state_machine.py:185: in test_cannot_cancel_after_check_in
    success, error = sm.cancel(cancelled_by="guest")
backend\app\state_machines\stay_state_machine.py:262: in cancel
    return self.transition_to(
backend\app\state_machines\stay_state_machine.py:88: in transition_to
    (datetime.now(timezone.utc) - self.stay.actual_check_in_time).total_seconds()
E   TypeError: can't subtract offset-naive and offset-aware datetimes
_____________________ test_terminal_states_no_transitions _____________________
backend\tests\test_state_machines\test_stay_state_machine.py:214: in test_terminal_states_no_transitions
    sm.check_out(checked_out_by="frontdesk")
backend\app\state_machines\stay_state_machine.py:245: in check_out
    success, error = self.transition_to(
backend\app\state_machines\stay_state_machine.py:88: in transition_to
    (datetime.now(timezone.utc) - self.stay.actual_check_in_time).total_seconds()
E   TypeError: can't subtract offset-naive and offset-aware datetimes
____________________ test_room_status_updates_on_check_out ____________________
backend\tests\test_state_machines\test_stay_state_machine.py:249: in test_room_status_updates_on_check_out
    sm.check_out(checked_out_by="frontdesk")
backend\app\state_machines\stay_state_machine.py:245: in check_out
    success, error = self.transition_to(
backend\app\state_machines\stay_state_machine.py:88: in transition_to
    (datetime.now(timezone.utc) - self.stay.actual_check_in_time).total_seconds()
E   TypeError: can't subtract offset-naive and offset-aware datetimes

---------- coverage: platform win32, python 3.12.10-final-0 ----------

FAIL Required test coverage of 80% not reached. Total coverage: 0.00%
=========================== short test summary info ===========================
FAILED backend\tests\test_cm_admin_api.py::test_admin_create_mapping_and_read
FAILED backend\tests\test_cm_admin_api.py::test_admin_delete_mapping - TypeEr...
FAILED backend\tests\test_cm_egress_api.py::test_get_availability_success - T...
FAILED backend\tests\test_cm_egress_api.py::test_get_availability_gate_failure
FAILED backend\tests\test_cm_egress_api.py::test_get_pricing_success - TypeEr...
FAILED backend\tests\test_cm_egress_api.py::test_api_unauthorized - TypeError...
FAILED backend\tests\test_cm_failure_simulation.py::test_pms_failure_and_recovery_simulation
FAILED backend\tests\test_cm_forwarding_gate.py::test_forwarding_gate_invalid_state
FAILED backend\tests\test_cm_forwarding_gate.py::test_forwarding_gate_unmapped_room
FAILED backend\tests\test_cm_forwarding_gate.py::test_forwarding_gate_success
FAILED backend\tests\test_cm_inbound_ingestion_gate.py::test_inbound_ingestion_gate_success
FAILED backend\tests\test_cm_integration_flow.py::test_double_booking_prevention_flow
FAILED backend\tests\test_cm_intent_validation_gate.py::test_intent_validation_gate_duplicate_idempotency
FAILED backend\tests\test_cm_intent_validation_gate.py::test_intent_validation_gate_unsupported_channel
FAILED backend\tests\test_cm_intent_validation_gate.py::test_intent_validation_gate_invalid_dates
FAILED backend\tests\test_cm_intent_validation_gate.py::test_intent_validation_gate_success
FAILED backend\tests\test_cm_load_simulation.py::test_cm_load_simulation - Ty...
FAILED backend\tests\test_cm_verdict_gate.py::test_pms_verdict_gate_no_verdict
FAILED backend\tests\test_cm_verdict_gate.py::test_pms_verdict_gate_invalid_verdict
FAILED backend\tests\test_cm_verdict_gate.py::test_pms_verdict_gate_success
FAILED backend\tests\test_cm_webhooks_api.py::test_post_webhook_booking_com_success
FAILED backend\tests\test_cm_webhooks_api.py::test_post_webhook_booking_com_invalid_schema
FAILED backend\tests\test_cm_webhooks_api.py::test_post_webhook_generic_success
FAILED backend\tests\test_database.py::test_database_info_structure - Asserti...
FAILED backend\tests\test_database.py::test_init_db - AssertionError: assert ...
FAILED backend\tests\test_email_template_integration.py::test_list_templates_api
FAILED backend\tests\test_email_template_integration.py::test_get_template_variables_api
FAILED backend\tests\test_email_template_integration.py::test_preview_template_api
FAILED backend\tests\test_email_template_integration.py::test_get_sample_data_api
FAILED backend\tests\test_email_template_integration.py::test_unauthorized_template_access
FAILED backend\tests\test_email_templates.py::test_list_templates - assert 0 > 0
FAILED backend\tests\test_email_templates.py::test_render_confirmation_template
FAILED backend\tests\test_email_templates.py::test_render_text_template - jin...
FAILED backend\tests\test_email_templates.py::test_template_variables - Asser...
FAILED backend\tests\test_email_templates.py::test_preview_template - jinja2....
FAILED backend\tests\test_main.py::test_read_root - TypeError: RateLimitMiddl...
FAILED backend\tests\test_main.py::test_health_check - TypeError: RateLimitMi...
FAILED backend\tests\test_main.py::test_database_info - TypeError: RateLimitM...
FAILED backend\tests\test_main.py::test_cors_headers - TypeError: RateLimitMi...
FAILED backend\tests\test_rate_limit_integration.py::test_rate_limit_headers
FAILED backend\tests\test_rate_limit_integration.py::test_endpoint_specific_rate_limit
FAILED backend\tests\test_task_integration.py::test_task_monitoring_history_api
FAILED backend\tests\test_task_integration.py::test_task_monitoring_statistics_api
FAILED backend\tests\performance\test_cache_performance.py::test_cache_set_get_performance
FAILED backend\tests\performance\test_cache_performance.py::test_cached_decorator_performance
FAILED backend\tests\performance\test_cache_performance.py::test_cache_memory_usage
FAILED backend\tests\performance\test_cache_performance.py::test_cache_hit_rate
FAILED backend\tests\performance\test_cache_performance.py::test_cache_expiration
FAILED backend\tests\performance\test_cache_performance.py::test_cache_pattern_deletion
FAILED backend\tests\test_analytics\test_api.py::test_get_occupancy_missing_params
FAILED backend\tests\test_analytics\test_api.py::test_get_occupancy_invalid_range
FAILED backend\tests\test_analytics\test_api.py::test_get_revenue_endpoint_exists
FAILED backend\tests\test_analytics\test_api.py::test_get_kpis_endpoint_exists
FAILED backend\tests\test_analytics\test_api.py::test_get_channels_endpoint_exists
FAILED backend\tests\test_analytics\test_api.py::test_get_booking_patterns_endpoint_exists
FAILED backend\tests\test_analytics\test_models_coverage.py::TestStay::test_check_out_success
FAILED backend\tests\test_integration\test_day3_booking_workflow.py::test_complete_booking_workflow
FAILED backend\tests\test_integration\test_day4_state_machines.py::test_complete_workflow_with_state_machines
FAILED backend\tests\test_integration\test_day4_state_machines.py::test_concurrent_reservations_same_guest
FAILED backend\tests\test_integration\test_day5_models.py::test_gates_py_gate_result_properties
FAILED backend\tests\test_integration\test_day5_models.py::test_gates_py_execution_result
FAILED backend\tests\test_integration\test_day5_models.py::test_gates_py_checkout_gate_no_stay
FAILED backend\tests\test_integration\test_day5_models.py::test_gates_py_checkout_gate_already_checked_out
FAILED backend\tests\test_integration\test_day5_models.py::test_gates_py_checkout_gate_force
FAILED backend\tests\test_integration\test_day5_models.py::test_gates_py_payment_gate_no_stay
FAILED backend\tests\test_integration\test_day5_models.py::test_gates_py_executor
FAILED backend\tests\test_integration\test_day5_models.py::test_stay_check_in_and_out
FAILED backend\tests\test_integration\test_day6_services.py::test_complete_hotel_workflow_with_services
FAILED backend\tests\test_integration\test_week5_integration.py::TestEmailTemplatesIntegration::test_template_rendering
FAILED backend\tests\test_models\test_business_day.py::TestInitDb::test_init_db_returns_db_type
FAILED backend\tests\test_models\test_business_day.py::TestGetDbInfo::test_get_db_info_sqlite_values
FAILED backend\tests\test_models\test_business_day.py::TestStartupEvent::test_startup_initializes_database
FAILED backend\tests\test_models\test_business_day.py::TestStartupEvent::test_startup_event_prints_db_type
FAILED backend\tests\test_models\test_business_day.py::TestMainBlock::test_main_block_calls_uvicorn
FAILED backend\tests\test_models\test_rate_plan.py::test_rate_plan_weekend_rate
FAILED backend\tests\test_models\test_stay.py::test_stay_check_out_workflow
FAILED backend\tests\test_services\test_audit_service.py::test_log_data_access
FAILED backend\tests\test_services\test_audit_service.py::test_search_audit_logs
FAILED backend\tests\test_services\test_audit_service.py::test_search_with_date_range
FAILED backend\tests\test_services\test_audit_service.py::test_export_audit_logs_csv
FAILED backend\tests\test_services\test_audit_service.py::test_export_audit_logs_json
FAILED backend\tests\test_services\test_audit_service.py::test_get_security_summary
FAILED backend\tests\test_services\test_auth_service.py::test_create_user - V...
FAILED backend\tests\test_services\test_auth_service.py::test_create_duplicate_user
FAILED backend\tests\test_services\test_auth_service.py::test_authenticate_user_success
FAILED backend\tests\test_services\test_auth_service.py::test_authenticate_user_wrong_password
FAILED backend\tests\test_services\test_auth_service.py::test_account_lockout
FAILED backend\tests\test_services\test_auth_service.py::test_change_password
FAILED backend\tests\test_services\test_auth_service.py::test_change_password_wrong_old_password
FAILED backend\tests\test_services\test_auth_service.py::test_refresh_token
FAILED backend\tests\test_services\test_auth_service.py::test_logout - ValueE...
FAILED backend\tests\test_services\test_auth_service.py::test_audit_logging
FAILED backend\tests\test_services\test_auth_service.py::test_user_permissions
FAILED backend\tests\test_services\test_auth_service.py::test_user_roles - Va...
FAILED backend\tests\test_services\test_check_in_service.py::test_complete_check_in_workflow
FAILED backend\tests\test_services\test_check_in_service.py::test_check_in_auto_assign_room
FAILED backend\tests\test_services\test_check_in_service.py::test_check_in_by_confirmation_number
FAILED backend\tests\test_services\test_housekeeping_services.py::test_complete_task_workflow
FAILED backend\tests\test_services\test_housekeeping_services.py::test_inspect_task
FAILED backend\tests\test_services\test_housekeeping_services.py::test_inspect_task_failed
FAILED backend\tests\test_services\test_reservation_service.py::test_create_reservation_invalid_dates
FAILED backend\tests\test_services\test_reservation_service.py::test_confirm_reservation
FAILED backend\tests\test_services\test_reservation_service.py::test_cancel_reservation
FAILED backend\tests\test_services\test_search_service.py::test_global_search
FAILED backend\tests\test_services\test_search_service.py::test_save_search
FAILED backend\tests\test_services\test_search_service.py::test_get_saved_searches
FAILED backend\tests\test_services\test_search_service.py::test_use_saved_search
FAILED backend\tests\test_services\test_search_service.py::test_delete_saved_search
FAILED backend\tests\test_services\test_search_service.py::test_track_search
FAILED backend\tests\test_services\test_search_service.py::test_get_search_history
FAILED backend\tests\test_services\test_search_service.py::test_get_search_suggestions
FAILED backend\tests\test_services\test_stay_service.py::test_check_out_stay
FAILED backend\tests\test_services\test_user_management.py::test_get_users - ...
FAILED backend\tests\test_services\test_user_management.py::test_get_users_with_filters
FAILED backend\tests\test_services\test_user_management.py::test_get_users_with_search
FAILED backend\tests\test_services\test_user_management.py::test_update_user
FAILED backend\tests\test_services\test_user_management.py::test_update_user_duplicate_username
FAILED backend\tests\test_services\test_user_management.py::test_deactivate_user
FAILED backend\tests\test_services\test_user_management.py::test_activate_user
FAILED backend\tests\test_services\test_user_management.py::test_reset_password
FAILED backend\tests\test_services\test_user_management.py::test_unlock_account
FAILED backend\tests\test_services\test_user_management.py::test_get_user_stats
FAILED backend\tests\test_services\test_user_management.py::test_get_role_stats
FAILED backend\tests\test_state_machines\test_reservation_state_machine.py::test_complete_lifecycle
FAILED backend\tests\test_state_machines\test_reservation_state_machine.py::test_cancellation_from_confirmed
FAILED backend\tests\test_state_machines\test_reservation_state_machine.py::test_cannot_mark_no_show_for_future_reservation
FAILED backend\tests\test_state_machines\test_reservation_state_machine.py::test_terminal_states_no_transitions
FAILED backend\tests\test_state_machines\test_reservation_state_machine.py::test_emergency_cancellation_after_check_in
FAILED backend\tests\test_state_machines\test_stay_state_machine.py::test_complete_lifecycle
FAILED backend\tests\test_state_machines\test_stay_state_machine.py::test_cannot_cancel_after_check_in
FAILED backend\tests\test_state_machines\test_stay_state_machine.py::test_terminal_states_no_transitions
FAILED backend\tests\test_state_machines\test_stay_state_machine.py::test_room_status_updates_on_check_out
ERROR backend\tests\test_api\test_guests_api.py::test_create_guest - TypeErro...
ERROR backend\tests\test_api\test_guests_api.py::test_search_guests - TypeErr...
ERROR backend\tests\test_api\test_notifications_api.py::test_queue_confirmation_email
ERROR backend\tests\test_api\test_notifications_api.py::test_get_notification_history
ERROR backend\tests\test_api\test_notifications_api.py::test_get_guest_notifications
ERROR backend\tests\test_api\test_reports_api.py::test_list_report_templates
ERROR backend\tests\test_api\test_reports_api.py::test_get_template_not_found
ERROR backend\tests\test_api\test_reports_api.py::test_generate_template_with_invalid_range
ERROR backend\tests\test_api\test_reports_api.py::test_generate_template_success
ERROR backend\tests\test_api\test_reports_api.py::test_revenue_summary_endpoint
ERROR backend\tests\test_api\test_reservations_api.py::test_create_reservation
ERROR backend\tests\test_api\test_reservations_api.py::test_get_reservation
ERROR backend\tests\test_api\test_rooms_api.py::test_get_available_rooms - Ty...
ERROR backend\tests\test_api\test_rooms_api.py::test_mark_room_clean - TypeEr...
ERROR backend\tests\test_models\test_business_day.py::TestMainEndpoints::test_root_endpoint
ERROR backend\tests\test_models\test_business_day.py::TestMainEndpoints::test_health_check_endpoint
ERROR backend\tests\test_models\test_business_day.py::TestMainEndpoints::test_database_info_endpoint
ERROR backend\tests\test_services\test_check_out_service.py::test_full_checkout_flow
ERROR backend\tests\test_services\test_check_out_service.py::test_checkout_by_room_and_res
ERROR backend\tests\test_services\test_check_out_service.py::test_final_bill_generation
ERROR backend\tests\test_services\test_check_out_service.py::test_guest_stats_update
ERROR backend\tests\test_services\test_check_out_service.py::test_checkout_validation_failure
= 132 failed, 494 passed, 11 skipped, 139 warnings, 22 errors in 81.98s (0:01:21) =
