============================= test session starts =============================
platform win32 -- Python 3.12.10, pytest-7.4.3, pluggy-1.6.0 -- C:\Users\akash\pms-hotel-desktop\venv\Scripts\python.exe
cachedir: .pytest_cache
rootdir: C:\Users\akash\pms-hotel-desktop\backend
configfile: pytest.ini
plugins: anyio-3.7.1, asyncio-0.21.1, cov-4.1.0, mock-3.15.1, requests-mock-1.12.1
asyncio: mode=Mode.STRICT
collecting ... collected 20 items

backend\tests\test_state_machines\test_reservation_state_machine.py::test_valid_transition_pending_to_confirmed PASSED [  5%]
backend\tests\test_state_machines\test_reservation_state_machine.py::test_invalid_transition_pending_to_checked_in PASSED [ 10%]
backend\tests\test_state_machines\test_reservation_state_machine.py::test_complete_lifecycle FAILED [ 15%]
backend\tests\test_state_machines\test_reservation_state_machine.py::test_cancellation_from_pending PASSED [ 20%]
backend\tests\test_state_machines\test_reservation_state_machine.py::test_cancellation_from_confirmed FAILED [ 25%]
backend\tests\test_state_machines\test_reservation_state_machine.py::test_no_show_marking PASSED [ 30%]
backend\tests\test_state_machines\test_reservation_state_machine.py::test_cannot_mark_no_show_for_future_reservation FAILED [ 35%]
backend\tests\test_state_machines\test_reservation_state_machine.py::test_get_valid_transitions PASSED [ 40%]
backend\tests\test_state_machines\test_reservation_state_machine.py::test_terminal_states_no_transitions FAILED [ 45%]
backend\tests\test_state_machines\test_reservation_state_machine.py::test_emergency_cancellation_after_check_in FAILED [ 50%]
backend\tests\test_state_machines\test_stay_state_machine.py::test_valid_transition_reserved_to_checked_in PASSED [ 55%]
backend\tests\test_state_machines\test_stay_state_machine.py::test_invalid_transition_reserved_to_checked_out PASSED [ 60%]
backend\tests\test_state_machines\test_stay_state_machine.py::test_complete_lifecycle FAILED [ 65%]
backend\tests\test_state_machines\test_stay_state_machine.py::test_cancellation_before_check_in PASSED [ 70%]
backend\tests\test_state_machines\test_stay_state_machine.py::test_cannot_cancel_after_check_in FAILED [ 75%]
backend\tests\test_state_machines\test_stay_state_machine.py::test_get_valid_transitions PASSED [ 80%]
backend\tests\test_state_machines\test_stay_state_machine.py::test_terminal_states_no_transitions FAILED [ 85%]
backend\tests\test_state_machines\test_stay_state_machine.py::test_room_status_updates_on_check_in PASSED [ 90%]
backend\tests\test_state_machines\test_stay_state_machine.py::test_room_status_updates_on_check_out FAILED [ 95%]
venv\Scripts\pytest : C:\U
sers\akash\pms-hotel-deskt
op\venv\Lib\site-packages\
coverage\inorout.py:561: 
CoverageWarning: Module 
app/state_machines was 
never imported. 
(module-not-imported); 
see https://coverage.readt
hedocs.io/en/7.13.4/messag
es.html#warning-module-not
-imported
At line:1 char:1
+ venv\Scripts\pytest back
end\tests\test_state_machi
nes\ --cov=app/stat ...
+ ~~~~~~~~~~~~~~~~~~~~~~~~
~~~~~~~~~~~~~~~~~~~~~~~~~~
~~~~~~~~~~~~~~~~~~~
    + CategoryInfo        
      : NotSpecified: (C  
  :\Users\akash\...le-n   
 ot-imported:String) [    
], RemoteException
    + FullyQualifiedError 
   Id : NativeCommandErr  
  or
 
  self.warn(f"Module 
{pkg} was never 
imported.", slug="module-n
ot-imported")
C:\Users\akash\pms-hotel-d
esktop\venv\Lib\site-packa
ges\coverage\control.py:95
8: CoverageWarning: No 
data was collected. 
(no-data-collected); see h
ttps://coverage.readthedoc
s.io/en/7.13.4/messages.ht
ml#warning-no-data-collect
ed
  self._warn("No data was 
collected.", 
slug="no-data-collected")
C:\Users\akash\pms-hotel-d
esktop\venv\Lib\site-packa
ges\pytest_cov\plugin.py:3
12: CovReportWarning: 
Failed to generate 
report: No data to report.

  warnings.warn(CovReportW
arning(message))
backend\tests\test_state_machines\test_stay_state_machine.py::test_inactive_room_prevents_check_in PASSED [100%]WARNING: Failed to generate report: No data to report.



================================== FAILURES ===================================
___________________________ test_complete_lifecycle ___________________________
backend\tests\test_state_machines\test_reservation_state_machine.py:141: in test_complete_lifecycle
    assert sm.check_in("frontdesk")[0]
backend\app\state_machines\reservation_state_machine.py:232: in check_in
    return self.transition_to(ReservationStatus.CHECKED_IN, checked_in_by)
backend\app\state_machines\reservation_state_machine.py:87: in transition_to
    (datetime.now(timezone.utc) - self.reservation.status_changed_at).total_seconds()
E   TypeError: can't subtract offset-naive and offset-aware datetimes
______________________ test_cancellation_from_confirmed _______________________
backend\tests\test_state_machines\test_reservation_state_machine.py:173: in test_cancellation_from_confirmed
    success, _ = sm.cancel("guest", reason="Emergency")
backend\app\state_machines\reservation_state_machine.py:238: in cancel
    result = self.transition_to(
backend\app\state_machines\reservation_state_machine.py:87: in transition_to
    (datetime.now(timezone.utc) - self.reservation.status_changed_at).total_seconds()
E   TypeError: can't subtract offset-naive and offset-aware datetimes
_______________ test_cannot_mark_no_show_for_future_reservation _______________
backend\tests\test_state_machines\test_reservation_state_machine.py:203: in test_cannot_mark_no_show_for_future_reservation
    success, error = sm.mark_no_show("system")
backend\app\state_machines\reservation_state_machine.py:248: in mark_no_show
    return self.transition_to(ReservationStatus.NO_SHOW, marked_by)
backend\app\state_machines\reservation_state_machine.py:87: in transition_to
    (datetime.now(timezone.utc) - self.reservation.status_changed_at).total_seconds()
E   TypeError: can't subtract offset-naive and offset-aware datetimes
_____________________ test_terminal_states_no_transitions _____________________
backend\tests\test_state_machines\test_reservation_state_machine.py:232: in test_terminal_states_no_transitions
    sm.check_in("frontdesk")
backend\app\state_machines\reservation_state_machine.py:232: in check_in
    return self.transition_to(ReservationStatus.CHECKED_IN, checked_in_by)
backend\app\state_machines\reservation_state_machine.py:87: in transition_to
    (datetime.now(timezone.utc) - self.reservation.status_changed_at).total_seconds()
E   TypeError: can't subtract offset-naive and offset-aware datetimes
_________________ test_emergency_cancellation_after_check_in __________________
backend\tests\test_state_machines\test_reservation_state_machine.py:248: in test_emergency_cancellation_after_check_in
    sm.check_in("frontdesk")
backend\app\state_machines\reservation_state_machine.py:232: in check_in
    return self.transition_to(ReservationStatus.CHECKED_IN, checked_in_by)
backend\app\state_machines\reservation_state_machine.py:87: in transition_to
    (datetime.now(timezone.utc) - self.reservation.status_changed_at).total_seconds()
E   TypeError: can't subtract offset-naive and offset-aware datetimes
___________________________ test_complete_lifecycle ___________________________
backend\tests\test_state_machines\test_stay_state_machine.py:144: in test_complete_lifecycle
    success, _ = sm.check_out(checked_out_by="frontdesk")
backend\app\state_machines\stay_state_machine.py:245: in check_out
    success, error = self.transition_to(
backend\app\state_machines\stay_state_machine.py:88: in transition_to
    (datetime.now(timezone.utc) - self.stay.actual_check_in_time).total_seconds()
E   TypeError: can't subtract offset-naive and offset-aware datetimes
______________________ test_cannot_cancel_after_check_in ______________________
backend\tests\test_state_machines\test_stay_state_machine.py:185: in test_cannot_cancel_after_check_in
    success, error = sm.cancel(cancelled_by="guest")
backend\app\state_machines\stay_state_machine.py:262: in cancel
    return self.transition_to(
backend\app\state_machines\stay_state_machine.py:88: in transition_to
    (datetime.now(timezone.utc) - self.stay.actual_check_in_time).total_seconds()
E   TypeError: can't subtract offset-naive and offset-aware datetimes
_____________________ test_terminal_states_no_transitions _____________________
backend\tests\test_state_machines\test_stay_state_machine.py:214: in test_terminal_states_no_transitions
    sm.check_out(checked_out_by="frontdesk")
backend\app\state_machines\stay_state_machine.py:245: in check_out
    success, error = self.transition_to(
backend\app\state_machines\stay_state_machine.py:88: in transition_to
    (datetime.now(timezone.utc) - self.stay.actual_check_in_time).total_seconds()
E   TypeError: can't subtract offset-naive and offset-aware datetimes
____________________ test_room_status_updates_on_check_out ____________________
backend\tests\test_state_machines\test_stay_state_machine.py:249: in test_room_status_updates_on_check_out
    sm.check_out(checked_out_by="frontdesk")
backend\app\state_machines\stay_state_machine.py:245: in check_out
    success, error = self.transition_to(
backend\app\state_machines\stay_state_machine.py:88: in transition_to
    (datetime.now(timezone.utc) - self.stay.actual_check_in_time).total_seconds()
E   TypeError: can't subtract offset-naive and offset-aware datetimes

---------- coverage: platform win32, python 3.12.10-final-0 ----------

FAIL Required test coverage of 80% not reached. Total coverage: 0.00%
=========================== short test summary info ===========================
FAILED backend\tests\test_state_machines\test_reservation_state_machine.py::test_complete_lifecycle
FAILED backend\tests\test_state_machines\test_reservation_state_machine.py::test_cancellation_from_confirmed
FAILED backend\tests\test_state_machines\test_reservation_state_machine.py::test_cannot_mark_no_show_for_future_reservation
FAILED backend\tests\test_state_machines\test_reservation_state_machine.py::test_terminal_states_no_transitions
FAILED backend\tests\test_state_machines\test_reservation_state_machine.py::test_emergency_cancellation_after_check_in
FAILED backend\tests\test_state_machines\test_stay_state_machine.py::test_complete_lifecycle
FAILED backend\tests\test_state_machines\test_stay_state_machine.py::test_cannot_cancel_after_check_in
FAILED backend\tests\test_state_machines\test_stay_state_machine.py::test_terminal_states_no_transitions
FAILED backend\tests\test_state_machines\test_stay_state_machine.py::test_room_status_updates_on_check_out
======================== 9 failed, 11 passed in 5.66s =========================
