============================= test session starts =============================
platform win32 -- Python 3.12.10, pytest-7.4.3, pluggy-1.6.0 -- C:\Users\akash\pms-hotel-desktop\venv\Scripts\python.exe
cachedir: .pytest_cache
rootdir: C:\Users\akash\pms-hotel-desktop\backend
configfile: pytest.ini
plugins: anyio-3.7.1, asyncio-0.21.1, cov-4.1.0, mock-3.15.1, requests-mock-1.12.1
asyncio: mode=Mode.STRICT
collecting ... collected 12 items

backend\tests\test_guest.py::test_create_guest_basic PASSED              [  8%]
backend\tests\test_guest.py::test_guest_full_name_property PASSED        [ 16%]
backend\tests\test_guest.py::test_guest_age_calculation PASSED           [ 25%]
backend\tests\test_guest.py::test_guest_corporate_type PASSED            [ 33%]
backend\tests\test_guest.py::test_guest_vip_status PASSED                [ 41%]
backend\tests\test_guest.py::test_guest_stay_statistics PASSED           [ 50%]
backend\tests\test_guest.py::test_guest_blacklist PASSED                 [ 58%]
backend\tests\test_guest.py::test_guest_contact_information PASSED       [ 66%]
backend\tests\test_guest.py::test_guest_identification PASSED            [ 75%]
backend\tests\test_guest.py::test_guest_special_needs PASSED             [ 83%]
backend\tests\test_guest.py::test_guest_privacy_settings PASSED          [ 91%]
backend\tests\test_guest.py::test_guest_to_dict PASSED                   [100%]C:\Users\akash\pms-hotel-desktop\venv\Lib\site-packages\coverage\inorout.py:561: CoverageWarning: Module app/gates was never imported. (module-not-imported); see https://coverage.readthedocs.io/en/7.13.4/messages.html#warning-module-not-imported
  self.warn(f"Module {pkg} was never imported.", slug="module-not-imported")
C:\Users\akash\pms-hotel-desktop\venv\Lib\site-packages\coverage\inorout.py:561: CoverageWarning: Module app/models was never imported. (module-not-imported); see https://coverage.readthedocs.io/en/7.13.4/messages.html#warning-module-not-imported
  self.warn(f"Module {pkg} was never imported.", slug="module-not-imported")
C:\Users\akash\pms-hotel-desktop\venv\Lib\site-packages\coverage\control.py:958: CoverageWarning: No data was collected. (no-data-collected); see https://coverage.readthedocs.io/en/7.13.4/messages.html#warning-no-data-collected
  self._warn("No data was collected.", slug="no-data-collected")
C:\Users\akash\pms-hotel-desktop\venv\Lib\site-packages\pytest_cov\plugin.py:312: CovReportWarning: Failed to generate report: No data to report.

  warnings.warn(CovReportWarning(message))
WARNING: Failed to generate report: No data to report.



============================== warnings summary ===============================
tests/test_guest.py::test_guest_privacy_settings
  C:\Users\akash\pms-hotel-desktop\backend\tests\test_guest.py:190: DeprecationWarning: datetime.datetime.utcnow() is deprecated and scheduled for removal in a future version. Use timezone-aware objects to represent datetimes in UTC: datetime.datetime.now(datetime.UTC).
    data_consent_date=datetime.utcnow()

-- Docs: https://docs.pytest.org/en/stable/how-to/capture-warnings.html

---------- coverage: platform win32, python 3.12.10-final-0 ----------

FAIL Required test coverage of 80% not reached. Total coverage: 0.00%
======================== 12 passed, 1 warning in 0.79s ========================
