============================= test session starts =============================
platform win32 -- Python 3.12.10, pytest-7.4.3, pluggy-1.6.0
rootdir: C:\Users\akash\pms-hotel-desktop\backend
configfile: pytest.ini
plugins: anyio-3.7.1, asyncio-0.21.1, cov-4.1.0, mock-3.15.1, requests-mock-1.12.1
asyncio: mode=Mode.STRICT
collected 660 items

tests\test_cm_admin_api.py ..                                            [  0%]
tests\test_cm_channel_sync_gate.py ......                                [  1%]
tests\test_cm_egress_api.py ....                                         [  1%]
tests\test_cm_failure_simulation.py F                                    [  1%]
tests\test_cm_forwarding_gate.py .FFF                                    [  2%]
tests\test_cm_inbound_ingestion_gate.py F..                              [  3%]
tests\test_cm_integration_flow.py F                                      [  3%]
tests\test_cm_intent_validation_gate.py .FFFF                            [  3%]
tests\test_cm_load_simulation.py F                                       [  4%]
tests\test_cm_projection_publish_gate.py ....                            [  4%]
tests\test_cm_verdict_gate.py .FFF                                       [  5%]
tests\test_cm_webhooks_api.py FFF                                        [  5%]
tests\test_coordinator.py ...                                            [  6%]
tests\test_database.py F.....F.                                          [  7%]
tests\test_email_template_integration.py FFFFsF                          [  8%]
tests\test_email_templates.py .........                                  [  9%]
tests\test_guest.py ............                                         [ 11%]
tests\test_main.py FFF.                                                  [ 12%]
tests\test_rate_limit_integration.py .......                             [ 13%]
tests\test_rate_limiting.py .........                                    [ 14%]
tests\test_task_integration.py sssFFs                                    [ 15%]
tests\test_tasks.py .ss..s...                                            [ 16%]
tests\performance\test_cache_performance.py FFFFFF                       [ 17%]
tests\test_analytics\test_api.py FFFFFF                                  [ 18%]
tests\test_analytics\test_etl.py .                                       [ 18%]
tests\test_analytics\test_extract.py .                                   [ 18%]
tests\test_analytics\test_load.py ...                                    [ 19%]
tests\test_analytics\test_models_coverage.py ........................... [ 23%]
...........F.........                                                    [ 26%]
tests\test_analytics\test_transform.py ...                               [ 27%]
tests\test_api\test_guests_api.py ..                                     [ 27%]
tests\test_api\test_notifications_api.py ...                             [ 27%]
tests\test_api\test_reports_api.py ...FF                                 [ 28%]
tests\test_api\test_reservations_api.py ..                               [ 28%]
tests\test_api\test_rooms_api.py F.                                      [ 29%]
tests\test_gates\test_base_gate.py .......                               [ 30%]
tests\test_gates\test_check_in_gate.py .....                             [ 31%]
tests\test_gates\test_check_out_gate.py .....                            [ 31%]
tests\test_gates\test_gates_4_6.py .......                               [ 32%]
tests\test_gates\test_gates_7_9.py .................                     [ 35%]
tests\test_gates\test_room_assignment_gate.py .....                      [ 36%]
tests\test_integration\test_base_lifecycle.py .                          [ 36%]
tests\test_integration\test_day2_schema.py ..                            [ 36%]
tests\test_integration\test_day3_booking_workflow.py F..                 [ 37%]
tests\test_integration\test_day3_coverage.py ......................      [ 40%]
tests\test_integration\test_day4_state_machines.py ...                   [ 40%]
tests\test_integration\test_day5_gates.py .............................. [ 45%]
..................                                                       [ 48%]
tests\test_integration\test_day5_models.py FFFFFFF......F............... [ 52%]
...                                                                      [ 53%]
tests\test_integration\test_day6_services.py F                           [ 53%]
tests\test_integration\test_week5_integration.py ...ss..s.....           [ 55%]
tests\test_models\test_business_day.py ..F..F......FFFF.F                [ 57%]
tests\test_models\test_charge.py ....................................... [ 63%]
.                                                                        [ 63%]
tests\test_models\test_guest.py ............                             [ 65%]
tests\test_models\test_property.py ...                                   [ 66%]
tests\test_models\test_rate_plan.py .F........                           [ 67%]
tests\test_models\test_reservation.py .....................              [ 70%]
tests\test_models\test_room.py ..............                            [ 73%]
tests\test_models\test_room_and_roomtype.py ..                           [ 73%]
tests\test_models\test_room_type.py ..                                   [ 73%]
tests\test_models\test_state_transition_history.py ..................... [ 76%]
.....                                                                    [ 77%]
tests\test_models\test_stay.py ..F...........                            [ 79%]
tests\test_services\test_analytics_services.py ..........                [ 81%]
tests\test_services\test_audit_service.py F.FFFF.F.                      [ 82%]
tests\test_services\test_auth_service.py FFFF.FFFFFFFF                   [ 84%]
tests\test_services\test_check_in_service.py FFF                         [ 85%]
tests\test_services\test_check_out_service.py EEEEE..                    [ 86%]
tests\test_services\test_coverage_booster.py .                           [ 86%]
tests\test_services\test_filter_service.py .....                         [ 86%]
tests\test_services\test_guest_service.py .......                        [ 88%]
tests\test_services\test_housekeeping_services.py ..FFF....              [ 89%]
tests\test_services\test_notification_service.py ..                      [ 89%]
tests\test_services\test_rate_services.py ........                       [ 90%]
tests\test_services\test_reservation_service.py .FFF..                   [ 91%]
tests\test_services\test_room_service.py ......                          [ 92%]
tests\test_services\test_search_service.py F..FFFFFFF..                  [ 94%]
tests\test_services\test_stay_service.py .....                           [ 95%]
tests\test_services\test_user_management.py FFFFFFFFFFF                  [ 96%]
tests\test_state_machines\test_reservation_state_machine.py .........F   [ 98%]
tests\test_state_machines\test_stay_state_machine.py ..........          [100%]

============================== warnings summary ===============================
..\..\AppData\Roaming\Python\Python312\site-packages\pydantic\_internal\_config.py:268: 11 warnings
  C:\Users\akash\AppData\Roaming\Python\Python312\site-packages\pydantic\_internal\_config.py:268: PydanticDeprecatedSince20: Support for class-based `config` is deprecated, use ConfigDict instead. Deprecated in Pydantic V2.0 to be removed in V3.0. See Pydantic V2 Migration Guide at https://errors.pydantic.dev/2.5/migration/
    warnings.warn(DEPRECATION_MESSAGE, DeprecationWarning)

app\api\schemas.py:72
  C:\Users\akash\pms-hotel-desktop\backend\app\api\schemas.py:72: PydanticDeprecatedSince20: Pydantic V1 style `@validator` validators are deprecated. You should migrate to Pydantic V2 style `@field_validator` validators, see the migration guide for more details. Deprecated in Pydantic V2.0 to be removed in V3.0. See Pydantic V2 Migration Guide at https://errors.pydantic.dev/2.5/migration/
    @validator('check_out_date')

app\api\v1\analytics.py:74
  C:\Users\akash\pms-hotel-desktop\backend\app\api\v1\analytics.py:74: DeprecationWarning: `regex` has been deprecated, please use `pattern` instead
    granularity: str = Query("daily", regex="^(daily|weekly|monthly)$")

app\api\v1\audit.py:92
  C:\Users\akash\pms-hotel-desktop\backend\app\api\v1\audit.py:92: DeprecationWarning: `regex` has been deprecated, please use `pattern` instead
    format: str = Query("csv", regex="^(csv|json)$"),

..\..\AppData\Roaming\Python\Python312\site-packages\dateutil\tz\tz.py:37
  C:\Users\akash\AppData\Roaming\Python\Python312\site-packages\dateutil\tz\tz.py:37: DeprecationWarning: datetime.datetime.utcfromtimestamp() is deprecated and scheduled for removal in a future version. Use timezone-aware objects to represent datetimes in UTC: datetime.datetime.fromtimestamp(timestamp, datetime.UTC).
    EPOCH = datetime.datetime.utcfromtimestamp(0)

app\tasks\core.py:13
app\tasks\core.py:13
  C:\Users\akash\pms-hotel-desktop\backend\app\tasks\core.py:13: PytestCollectionWarning: cannot collect 'test_task' because it is not a function.
    @shared_task(bind=True, base=DatabaseTask)

tests\test_gates\test_base_gate.py:6
  C:\Users\akash\pms-hotel-desktop\backend\tests\test_gates\test_base_gate.py:6: PytestCollectionWarning: cannot collect test class 'TestGate' because it has a __init__ constructor (from: tests/test_gates/test_base_gate.py)
    class TestGate(BaseGate):

tests/test_cm_integration_flow.py::test_double_booking_prevention_flow
  C:\Users\akash\AppData\Roaming\Python\Python312\site-packages\_pytest\threadexception.py:73: PytestUnhandledThreadExceptionWarning: Exception in thread Thread-1 (process_webhook)
  
  Traceback (most recent call last):
    File "C:\Python312\Lib\threading.py", line 1075, in _bootstrap_inner
      self.run()
    File "C:\Users\akash\pms-hotel-desktop\backend\tests\test_cm_integration_flow.py", line 106, in run
      self._return = self._target(*self._args, **self._kwargs)
                     ^^^^^^^^^^^^^^^^^^^^^^^^^^^^^^^^^^^^^^^^^
    File "C:\Users\akash\pms-hotel-desktop\backend\tests\test_cm_integration_flow.py", line 80, in process_webhook
      assert resp.status_code == 202
  AssertionError: assert 404 == 202
   +  where 404 = <Response [404 Not Found]>.status_code
  
    warnings.warn(pytest.PytestUnhandledThreadExceptionWarning(msg))

tests/test_api/test_rooms_api.py: 1 warning
tests/test_integration/test_base_lifecycle.py: 2 warnings
tests/test_services/test_check_in_service.py: 7 warnings
tests/test_services/test_check_out_service.py: 15 warnings
tests/test_services/test_guest_service.py: 5 warnings
tests/test_services/test_housekeeping_services.py: 46 warnings
tests/test_services/test_rate_services.py: 19 warnings
tests/test_services/test_room_service.py: 4 warnings
  C:\Users\akash\pms-hotel-desktop\backend\app\services\base_service.py:31: LegacyAPIWarning: The Query.get() method is considered legacy as of the 1.x series of SQLAlchemy and becomes a legacy construct in 2.0. The method is now available as Session.get() (deprecated since: 2.0) (Background on SQLAlchemy 2.0 at: https://sqlalche.me/e/b8d9)
    instance = self.db.query(model).get(id)

tests/test_integration/test_base_lifecycle.py::test_10_step_base_lifecycle
tests/test_integration/test_base_lifecycle.py::test_10_step_base_lifecycle
tests/test_integration/test_base_lifecycle.py::test_10_step_base_lifecycle
tests/test_services/test_stay_service.py::test_check_in_stay
tests/test_services/test_stay_service.py::test_check_out_stay
tests/test_services/test_stay_service.py::test_check_out_stay
tests/test_services/test_stay_service.py::test_post_room_charges
  C:\Users\akash\pms-hotel-desktop\backend\app\services\stay_service.py:11: LegacyAPIWarning: The Query.get() method is considered legacy as of the 1.x series of SQLAlchemy and becomes a legacy construct in 2.0. The method is now available as Session.get() (deprecated since: 2.0) (Background on SQLAlchemy 2.0 at: https://sqlalche.me/e/b8d9)
    stay = self.db.query(Stay).get(stay_id)

tests/test_integration/test_base_lifecycle.py::test_10_step_base_lifecycle
  C:\Users\akash\pms-hotel-desktop\backend\app\api\v1\operations.py:42: PydanticDeprecatedSince20: The `from_orm` method is deprecated; set `model_config['from_attributes']=True` and use `model_validate` instead. Deprecated in Pydantic V2.0 to be removed in V3.0. See Pydantic V2 Migration Guide at https://errors.pydantic.dev/2.5/migration/
    reservation=ReservationResponse.from_orm(result["reservation"]),

tests/test_integration/test_base_lifecycle.py::test_10_step_base_lifecycle
  C:\Users\akash\AppData\Roaming\Python\Python312\site-packages\pydantic\main.py:1120: PydanticDeprecatedSince20: The `from_orm` method is deprecated; set `model_config["from_attributes"]=True` and use `model_validate` instead. Deprecated in Pydantic V2.0 to be removed in V3.0. See Pydantic V2 Migration Guide at https://errors.pydantic.dev/2.5/migration/
    warnings.warn(

tests/test_integration/test_week5_integration.py::TestBackgroundJobsIntegration::test_report_generation_task
  C:\Python312\Lib\enum.py:202: RuntimeWarning: coroutine 'ReservationService.confirm_reservation' was never awaited
    def __get__(self, instance, ownerclass=None):
  Enable tracemalloc to get traceback where the object was allocated.
  See https://docs.pytest.org/en/stable/how-to/capture-warnings.html#resource-warnings for more info.

tests/test_models/test_business_day.py::TestMainBlock::test_main_block_calls_uvicorn
  <frozen runpy>:128: RuntimeWarning: 'app.main' found in sys.modules after import of package 'app', but prior to execution of 'app.main'; this may result in unpredictable behaviour

tests/test_services/test_check_in_service.py::test_complete_check_in_workflow
tests/test_services/test_check_in_service.py::test_check_in_auto_assign_room
tests/test_services/test_check_in_service.py::test_check_in_by_confirmation_number
  C:\Users\akash\pms-hotel-desktop\backend\tests\test_services\test_check_in_service.py:47: RuntimeWarning: coroutine 'ReservationService.confirm_reservation' was never awaited
    res_service.confirm_reservation(reservation.id, "receptionist")
  Enable tracemalloc to get traceback where the object was allocated.
  See https://docs.pytest.org/en/stable/how-to/capture-warnings.html#resource-warnings for more info.

tests/test_services/test_check_out_service.py::test_full_checkout_flow
tests/test_services/test_check_out_service.py::test_checkout_by_room_and_res
tests/test_services/test_check_out_service.py::test_final_bill_generation
tests/test_services/test_check_out_service.py::test_guest_stats_update
tests/test_services/test_check_out_service.py::test_checkout_validation_failure
  C:\Users\akash\pms-hotel-desktop\backend\tests\test_services\test_check_out_service.py:41: RuntimeWarning: coroutine 'ReservationService.confirm_reservation' was never awaited
    res_service.confirm_reservation(res.id, "clerk")
  Enable tracemalloc to get traceback where the object was allocated.
  See https://docs.pytest.org/en/stable/how-to/capture-warnings.html#resource-warnings for more info.

tests/test_services/test_reservation_service.py::test_cancel_reservation
  C:\Users\akash\pms-hotel-desktop\backend\tests\test_services\test_reservation_service.py:112: RuntimeWarning: coroutine 'ReservationService.confirm_reservation' was never awaited
    service.confirm_reservation(reservation.id, "receptionist")
  Enable tracemalloc to get traceback where the object was allocated.
  See https://docs.pytest.org/en/stable/how-to/capture-warnings.html#resource-warnings for more info.

tests/test_services/test_reservation_service.py::test_get_reservation_by_confirmation
  C:\Python312\Lib\enum.py:835: RuntimeWarning: coroutine 'ReservationService.confirm_reservation' was never awaited
    return MappingProxyType(cls._member_map_)
  Enable tracemalloc to get traceback where the object was allocated.
  See https://docs.pytest.org/en/stable/how-to/capture-warnings.html#resource-warnings for more info.

tests/test_services/test_reservation_service.py::test_get_reservation_by_confirmation
  C:\Python312\Lib\enum.py:835: RuntimeWarning: coroutine 'ReservationService.cancel_reservation' was never awaited
    return MappingProxyType(cls._member_map_)
  Enable tracemalloc to get traceback where the object was allocated.
  See https://docs.pytest.org/en/stable/how-to/capture-warnings.html#resource-warnings for more info.

tests/test_services/test_search_service.py::test_search_reservations
  C:\Users\akash\pms-hotel-desktop\backend\app\services\search_service.py:111: SAWarning: SELECT statement has a cartesian product between FROM element(s) "reservations" and FROM element "guests".  Apply join condition(s) between each element to resolve.
    return q.order_by(Reservation.created_at.desc()).limit(limit).all()

tests/test_services/test_stay_service.py::test_create_stay
tests/test_services/test_stay_service.py::test_check_in_stay
tests/test_services/test_stay_service.py::test_check_out_stay
tests/test_services/test_stay_service.py::test_add_charge_to_stay
tests/test_services/test_stay_service.py::test_post_room_charges
  C:\Users\akash\pms-hotel-desktop\backend\tests\test_services\test_stay_service.py:44: RuntimeWarning: coroutine 'ReservationService.confirm_reservation' was never awaited
    res_service.confirm_reservation(reservation.id)
  Enable tracemalloc to get traceback where the object was allocated.
  See https://docs.pytest.org/en/stable/how-to/capture-warnings.html#resource-warnings for more info.

-- Docs: https://docs.pytest.org/en/stable/how-to/capture-warnings.html

---------- coverage: platform win32, python 3.12.10-final-0 ----------
Name                                              Stmts   Miss   Cover   Missing
--------------------------------------------------------------------------------
app\__init__.py                                       0      0 100.00%
app\analytics_database.py                            40     18  55.00%   28-32, 45-56, 71-75, 79-80, 89-90
app\cm\api\admin.py                                  43      3  93.02%   37, 65, 84
app\cm\api\egress.py                                 46      5  89.13%   29, 48, 95, 112-113
app\cm\api\webhooks.py                               26     18  30.77%   17-36, 51-69
app\cm\database.py                                   23      1  95.65%   16
app\cm\gates\base.py                                  8      1  87.50%   20
app\cm\gates\channel_mapping.py                      31      5  83.87%   35, 48, 72, 80, 90
app\cm\gates\channel_sync.py                         50      0 100.00%
app\cm\gates\forwarding_gate.py                      58     39  32.76%   39-131
app\cm\gates\inbound_ingestion.py                    51      0 100.00%
app\cm\gates\intent_validation.py                    46     25  45.65%   24-28, 50-102
app\cm\gates\pms_verdict_gate.py                     30     14  53.33%   35-69
app\cm\gates\projection_publish.py                   76     14  81.58%   78-81, 98-100, 116-117, 147-157, 163-165
app\cm\metrics.py                                     5      0 100.00%
app\cm\models.py                                    105      3  97.14%   19, 27, 30
app\cm\normalizers\base.py                            7      1  85.71%   19
app\cm\normalizers\booking_com.py                     6      1  83.33%   14
app\cm\normalizers\generic.py                         6      1  83.33%   12
app\cm\schemas.py                                    35      0 100.00%
app\config.py                                        30      1  96.67%   35
app\core\__init__.py                                  0      0 100.00%
app\core\cache.py                                    58     19  67.24%   31-34, 45, 48-50, 53, 56, 59-60, 63-64, 73-80
app\core\celery_app.py                               11     11   0.00%   1-38
app\core\celery_config.py                            12     12   0.00%   1-60
app\core\config.py                                   24     24   0.00%   1-36
app\core\email\__init__.py                            0      0 100.00%
app\core\email\email_service.py                       7      2  71.43%   7-8
app\core\email\template_renderer.py                   4      1  75.00%   5
app\core\permissions.py                              59      7  88.14%   175, 189-197
app\core\rate_limit_config.py                        24      0 100.00%
app\core\rate_limiter.py                             64     11  82.81%   69-71, 108, 114-116, 127, 149-151
app\core\security.py                                 74     22  70.27%   24, 33, 45, 55-63, 71-72, 79, 81, 84, 86-87, 92, 97-100, 106, 109
app\core\transaction_coordinator.py                  24      0 100.00%
app\crm\__init__.py                                   0      0 100.00%
app\crm\api\__init__.py                               0      0 100.00%
app\crm\api\v1\__init__.py                            0      0 100.00%
app\crm\api\v1\analytics.py                          32     16  50.00%   14-22, 34, 42, 52-56
app\crm\api\v1\campaigns.py                          56     29  48.21%   22, 27, 32, 37-40, 45, 54-115
app\crm\api\v1\guests.py                             24      6  75.00%   26, 40, 50-52, 69
app\crm\api\v1\router.py                             14      0 100.00%
app\crm\api\v1\segments.py                           22      9  59.09%   24-41, 51
app\crm\api\v1\webhooks.py                           86     68  20.93%   21-24, 33-71, 75-115
app\crm\database.py                                  32     11  65.62%   10-12, 20-21, 32-33, 48-52
app\crm\gates\__init__.py                             2      0 100.00%
app\crm\gates\consent_gate.py                         7      4  42.86%   18-28
app\crm\gates\identity_gate.py                       12      8  33.33%   16-31
app\crm\gates\immutability_gate.py                    8      4  50.00%   17-18, 31-32
app\crm\models\__init__.py                           11      0 100.00%
app\crm\models\campaign_send.py                      12      0 100.00%
app\crm\models\crm_audit_log.py                      12      0 100.00%
app\crm\models\crm_charge.py                         13      0 100.00%
app\crm\models\crm_guest.py                          22      0 100.00%
app\crm\models\crm_stay.py                           16      0 100.00%
app\crm\models\email_campaign.py                     17      0 100.00%
app\crm\models\guest_note.py                         11      0 100.00%
app\crm\models\guest_preference.py                   11      0 100.00%
app\crm\models\guest_segment.py                      10      0 100.00%
app\crm\models\sync_log.py                           11      0 100.00%
app\crm\schemas\__init__.py                           0      0 100.00%
app\crm\schemas\analytics.py                         25     25   0.00%   1-33
app\crm\schemas\campaign.py                          41      0 100.00%
app\crm\schemas\guest.py                             69      0 100.00%
app\crm\schemas\note.py                              38     12  68.42%   17-19, 24-29, 34-36
app\crm\schemas\segment.py                           10      0 100.00%
app\crm\services\__init__.py                          0      0 100.00%
app\crm\services\analytics_service.py                49     49   0.00%   1-136
app\crm\services\campaign_send_service.py            59     49  16.95%   19-111
app\crm\services\campaign_service.py                 31     21  32.26%   12-17, 21-44, 48-66
app\crm\services\email_service.py                    54     34  37.04%   25-35, 39-74, 78
app\crm\services\email_templates.py                  16      5  68.75%   87, 95-99
app\crm\services\guest_service.py                    76     57  25.00%   28-32, 56-66, 80-117, 123-154, 168-182, 190-211
app\crm\services\segment_service.py                  54     38  29.63%   25-30, 39-89, 93-96
app\crm\services\template_service.py                  7      4  42.86%   37-38, 45-46
app\crm\sync\__init__.py                              0      0 100.00%
app\crm\sync\loader.py                               30     19  36.67%   12-25, 29-32, 36-39, 43-46
app\crm\sync\pms_client.py                           38     26  31.58%   16-29, 33-36, 40-43, 47-50
app\crm\sync\scheduler.py                            53     34  35.85%   19-26, 31-60
app\crm\sync\transformer.py                          25     20  20.00%   10-27, 31-50, 54-61
app\crm\verifier\__init__.py                          2      0 100.00%
app\crm\verifier\verifier.py                         78     55  29.49%   21, 25, 29-39, 43-54, 58-69, 73-79, 83-90, 94-102, 108-160
app\db\__init__.py                                    0      0 100.00%
app\db\base.py                                        4      0 100.00%
app\db\session.py                                    11     11   0.00%   1-20
app\middleware\__init__.py                            0      0 100.00%
app\middleware\cache.py                              42     13  69.05%   35, 43-82, 93
app\middleware\rate_limit.py                         54     11  79.63%   45-51, 71, 79, 84, 90, 100, 105
app\middleware\request_logger.py                     19      0 100.00%
app\models\__init__.py                               27      0 100.00%
app\models\analytics.py                             252      0 100.00%
app\models\business_day.py                           92      0 100.00%
app\models\charge.py                                109      1  99.08%   128
app\models\compliance.py                             48      0 100.00%
app\models\enums.py                                  64      0 100.00%
app\models\gate_execution_history.py                 23      0 100.00%
app\models\gate_history.py                           11      0 100.00%
app\models\group_reservation.py                      28      0 100.00%
app\models\guest.py                                  79      0 100.00%
app\models\housekeeping.py                          110      0 100.00%
app\models\init.py                                    5      5   0.00%   1-8
app\models\notification.py                           57     10  82.46%   83-85, 91, 100-102, 106-108
app\models\notification_preference.py                24      0 100.00%
app\models\property.py                               28      0 100.00%
app\models\rate_plan.py                             155      2  98.71%   137, 141
app\models\reservation.py                           121      4  96.69%   96-98, 143
app\models\room.py                                   86      0 100.00%
app\models\room_type.py                              25      0 100.00%
app\models\search.py                                 42      0 100.00%
app\models\state_transition_history.py               37      0 100.00%
app\models\stay.py                                  126      7  94.44%   57, 106-109, 126, 137
app\models\task_history.py                           22      0 100.00%
app\models\user.py                                   70     11  84.29%   44-46, 49, 52-77, 99, 102
app\scheduler.py                                     15     15   0.00%   5-22
app\schemas.py                                       70      0 100.00%
app\services\__init__.py                             27      0 100.00%
app\services\abuse_detection_service.py              46     28  39.13%   25-36, 41-42, 47-51, 56-64, 74-75, 94-109, 114
app\services\activity_service.py                     36     36   0.00%   5-164
app\services\analytics\etl.py                        67     16  76.12%   38-39, 50, 91-102, 107-111
app\services\analytics\extract.py                    66     13  80.30%   27, 52, 123-128, 143-148
app\services\analytics\load.py                      109     48  55.96%   29, 31, 63-69, 80-81, 84-109, 112-130, 136-142, 154
app\services\analytics\queries.py                    51     38  25.49%   13-26, 29-62, 65-78, 81-100, 105-138
app\services\analytics\transform.py                  91     41  54.95%   26-27, 48-77, 80-97, 115, 133, 152
app\services\analytics_service.py                    41      3  92.68%   45, 112, 125
app\services\auth_service.py                         95     63  33.68%   55-143, 161, 174-185, 194-226, 230-249, 253-274
app\services\base_service.py                         29      4  86.21%   23-25, 33
app\services\cache_invalidation_service.py           23      9  60.87%   18-21, 25-28, 32
app\services\cached_dashboard_service.py             26      2  92.31%   33-34
app\services\check_in_service.py                     81     19  76.54%   73, 83, 87, 97, 106, 119, 135, 168, 175, 209-220
app\services\check_out_service.py                   113     23  79.65%   72, 79, 89, 93, 95, 119-120, 152-153, 164, 207, 211, 213, 280-289
app\services\discount_code_service.py                92     37  59.78%   68, 76, 80, 84, 87, 91, 174, 177, 181, 184, 187, 196-203, 235-239, 250-257, 265-272, 280-285
app\services\email_service.py                        54     37  31.48%   38-82, 92-108
app\services\enhanced_audit_service.py               74     47  36.49%   33-49, 102-138, 156-205, 257-278
app\services\enhanced_email_service.py               59     36  38.98%   37-82, 105-106, 114-116, 131-153, 169-188
app\services\filter_service.py                       60     12  80.00%   51, 60, 63, 78, 83, 86, 90-92, 120, 128, 133
app\services\group_reservation_service.py            85     70  17.65%   38-70, 86-122, 133-165, 177-205, 217-236, 247-253
app\services\guest_service.py                        57      0 100.00%
app\services\housekeeping.py                         26     26   0.00%   2-77
app\services\housekeeping_service.py                118     50  57.63%   45, 87, 107, 130, 140-148, 158-183, 192-198, 206-210, 233, 242, 267-294
app\services\init.py                                  4      4   0.00%   1-4
app\services\kpi_service.py                          92     14  84.78%   74-77, 148-152, 177, 224-228
app\services\maintenance_service.py                  88     27  69.32%   38, 45, 48, 83, 102, 125, 135, 146-159, 168-179, 186-188, 201-214
app\services\night_audit_service.py                  68     25  63.24%   23, 36-53, 65-66, 98, 104-129
app\services\no_show_service.py                      39     27  30.77%   25-61, 64, 67-68, 75-91
app\services\notification_preference_service.py      33      4  87.88%   55, 60, 64-66
app\services\notification_service.py                102     66  35.29%   52-80, 109-125, 143-173, 193-219, 237-277, 300-311, 352, 355, 381, 403-420
app\services\performance_service.py                  89     23  74.16%   31, 40, 43-44, 88, 90, 96-130, 157, 216
app\services\pricing_engine.py                       99     76  23.23%   43, 50-61, 78-96, 115-145, 163-183, 195-228, 241-278
app\services\query_optimizer.py                      30     30   0.00%   5-58
app\services\rate_plan_service.py                   106     40  62.26%   40, 96, 109, 128-129, 140-141, 177-196, 218-243, 247-260, 278
app\services\report_builder_service.py              218    169  22.48%   18-20, 24, 63-64, 83, 92, 96-125, 128-149, 192-206, 209-235, 239-243, 254-265, 268-274, 277-283, 286-298, 301-313, 316-343, 355-364, 377-399, 402-413, 416-424
app\services\report_service.py                       42     17  59.52%   31-52, 104-121, 133-142
app\services\reservation_service.py                 131     54  58.78%   57, 67, 116-139, 148-160, 186, 190, 207, 235, 244-271, 294, 312, 314, 333-342
app\services\room_change_service.py                  64     52  18.75%   32, 50-127, 142-177, 208-237
app\services\room_service.py                        114     26  77.19%   52, 55, 139, 185-193, 210-218, 241, 272, 315, 320-325, 369-371
app\services\search_service.py                      156    102  34.62%   31-71, 98, 101, 104, 137, 157-177, 190-212, 228-252, 266-278, 288-301, 320, 336-343, 351-363, 371-381, 390-397, 429-431
app\services\seasonal_rate_service.py                45     19  57.78%   34, 40, 43, 46, 49, 68, 90-92, 113-128, 140-156
app\services\stay_service.py                         48      3  93.75%   13, 33, 42
app\services\task_monitoring_service.py              49     34  30.61%   20, 32-44, 48-59, 63-75, 79, 89-92, 96-123, 133
app\services\template_service.py                     76     28  63.16%   55-60, 71-73, 82-84, 102-103, 112, 114, 119-122, 127-139
app\services\user_management_service.py             115     91  20.87%   31-58, 62-65, 79-108, 112-125, 129-137, 141-142, 146-162, 166-175, 179, 189-209, 228-245, 262-274
app\services\waitlist_service.py                     15      4  73.33%   14, 17, 20, 23
app\services\workflow_automation_service.py          88     56  36.36%   82-97, 113-121, 135-171, 178-200, 211-255, 262-290
app\tasks\__init__.py                                12      5  58.33%   14-18
app\tasks\base.py                                    38     15  60.53%   23-25, 32-37, 40-43, 46-47
app\tasks\core.py                                    50     34  32.00%   27-65, 71-102, 108-109
app\tasks\email_tasks.py                             92     92   0.00%   5-217
app\tasks\emails.py                                  50     38  24.00%   15-94, 102-171, 179-189
app\tasks\maintenance.py                             64     28  56.25%   12-13, 32, 44-47, 53-80, 129-131
app\tasks\notifications.py                           32     32   0.00%   1-75
app\tasks\reports.py                                 85     52  38.82%   26-37, 54-56, 62-94, 100-144, 150-201
app\tasks\template_emails.py                         44     44   0.00%   1-115
app\utils\__init__.py                                 0      0 100.00%
app\utils\cache_headers.py                           13      7  46.15%   11-14, 19-22, 26
app\utils\cache_patterns.py                          58     58   0.00%   1-149
app\utils\db_optimization.py                         20     12  40.00%   17-27, 37-39, 54
app\utils\query_optimizer.py                         32     32   0.00%   1-68
--------------------------------------------------------------------------------
TOTAL                                              8162   3050  62.63%
Coverage HTML written to dir htmlcov

FAIL Required test coverage of 80% not reached. Total coverage: 62.63%
=========================== short test summary info ===========================
FAILED tests/test_cm_failure_simulation.py::test_pms_failure_and_recovery_simulation
FAILED tests/test_cm_forwarding_gate.py::test_forwarding_gate_invalid_state
FAILED tests/test_cm_forwarding_gate.py::test_forwarding_gate_unmapped_room
FAILED tests/test_cm_forwarding_gate.py::test_forwarding_gate_success - TypeE...
FAILED tests/test_cm_inbound_ingestion_gate.py::test_inbound_ingestion_gate_success
FAILED tests/test_cm_integration_flow.py::test_double_booking_prevention_flow
FAILED tests/test_cm_intent_validation_gate.py::test_intent_validation_gate_duplicate_idempotency
FAILED tests/test_cm_intent_validation_gate.py::test_intent_validation_gate_unsupported_channel
FAILED tests/test_cm_intent_validation_gate.py::test_intent_validation_gate_invalid_dates
FAILED tests/test_cm_intent_validation_gate.py::test_intent_validation_gate_success
FAILED tests/test_cm_load_simulation.py::test_cm_load_simulation - AssertionE...
FAILED tests/test_cm_verdict_gate.py::test_pms_verdict_gate_no_verdict - Type...
FAILED tests/test_cm_verdict_gate.py::test_pms_verdict_gate_invalid_verdict
FAILED tests/test_cm_verdict_gate.py::test_pms_verdict_gate_success - TypeErr...
FAILED tests/test_cm_webhooks_api.py::test_post_webhook_booking_com_success
FAILED tests/test_cm_webhooks_api.py::test_post_webhook_booking_com_invalid_schema
FAILED tests/test_cm_webhooks_api.py::test_post_webhook_generic_success - ass...
FAILED tests/test_database.py::test_database_info_structure - AssertionError:...
FAILED tests/test_database.py::test_init_db - AssertionError: assert 'SQLite ...
FAILED tests/test_email_template_integration.py::test_list_templates_api - Ty...
FAILED tests/test_email_template_integration.py::test_get_template_variables_api
FAILED tests/test_email_template_integration.py::test_preview_template_api - ...
FAILED tests/test_email_template_integration.py::test_get_sample_data_api - T...
FAILED tests/test_email_template_integration.py::test_unauthorized_template_access
FAILED tests/test_main.py::test_read_root - KeyError: 'name'
FAILED tests/test_main.py::test_health_check - AssertionError: assert 'databa...
FAILED tests/test_main.py::test_database_info - assert 404 == 200
FAILED tests/test_task_integration.py::test_task_monitoring_history_api - Typ...
FAILED tests/test_task_integration.py::test_task_monitoring_statistics_api - ...
FAILED tests/performance/test_cache_performance.py::test_cache_set_get_performance
FAILED tests/performance/test_cache_performance.py::test_cached_decorator_performance
FAILED tests/performance/test_cache_performance.py::test_cache_memory_usage
FAILED tests/performance/test_cache_performance.py::test_cache_hit_rate - Typ...
FAILED tests/performance/test_cache_performance.py::test_cache_expiration - T...
FAILED tests/performance/test_cache_performance.py::test_cache_pattern_deletion
FAILED tests/test_analytics/test_api.py::test_get_occupancy_missing_params - ...
FAILED tests/test_analytics/test_api.py::test_get_occupancy_invalid_range - a...
FAILED tests/test_analytics/test_api.py::test_get_revenue_endpoint_exists - a...
FAILED tests/test_analytics/test_api.py::test_get_kpis_endpoint_exists - asse...
FAILED tests/test_analytics/test_api.py::test_get_channels_endpoint_exists - ...
FAILED tests/test_analytics/test_api.py::test_get_booking_patterns_endpoint_exists
FAILED tests/test_analytics/test_models_coverage.py::TestStay::test_check_out_success
FAILED tests/test_api/test_reports_api.py::test_generate_template_success - A...
FAILED tests/test_api/test_reports_api.py::test_revenue_summary_endpoint - Ty...
FAILED tests/test_api/test_rooms_api.py::test_get_available_rooms - assert 42...
FAILED tests/test_integration/test_day3_booking_workflow.py::test_complete_booking_workflow
FAILED tests/test_integration/test_day5_models.py::test_gates_py_gate_result_properties
FAILED tests/test_integration/test_day5_models.py::test_gates_py_execution_result
FAILED tests/test_integration/test_day5_models.py::test_gates_py_checkout_gate_no_stay
FAILED tests/test_integration/test_day5_models.py::test_gates_py_checkout_gate_already_checked_out
FAILED tests/test_integration/test_day5_models.py::test_gates_py_checkout_gate_force
FAILED tests/test_integration/test_day5_models.py::test_gates_py_payment_gate_no_stay
FAILED tests/test_integration/test_day5_models.py::test_gates_py_executor - M...
FAILED tests/test_integration/test_day5_models.py::test_stay_check_in_and_out
FAILED tests/test_integration/test_day6_services.py::test_complete_hotel_workflow_with_services
FAILED tests/test_models/test_business_day.py::TestInitDb::test_init_db_returns_db_type
FAILED tests/test_models/test_business_day.py::TestGetDbInfo::test_get_db_info_sqlite_values
FAILED tests/test_models/test_business_day.py::TestMainEndpoints::test_root_endpoint
FAILED tests/test_models/test_business_day.py::TestMainEndpoints::test_health_check_endpoint
FAILED tests/test_models/test_business_day.py::TestMainEndpoints::test_database_info_endpoint
FAILED tests/test_models/test_business_day.py::TestStartupEvent::test_startup_initializes_database
FAILED tests/test_models/test_business_day.py::TestMainBlock::test_main_block_calls_uvicorn
FAILED tests/test_models/test_rate_plan.py::test_rate_plan_weekend_rate - Ass...
FAILED tests/test_models/test_stay.py::test_stay_check_out_workflow - NameErr...
FAILED tests/test_services/test_audit_service.py::test_log_data_access - Valu...
FAILED tests/test_services/test_audit_service.py::test_search_audit_logs - Va...
FAILED tests/test_services/test_audit_service.py::test_search_with_date_range
FAILED tests/test_services/test_audit_service.py::test_export_audit_logs_csv
FAILED tests/test_services/test_audit_service.py::test_export_audit_logs_json
FAILED tests/test_services/test_audit_service.py::test_get_security_summary
FAILED tests/test_services/test_auth_service.py::test_create_user - ValueErro...
FAILED tests/test_services/test_auth_service.py::test_create_duplicate_user
FAILED tests/test_services/test_auth_service.py::test_authenticate_user_success
FAILED tests/test_services/test_auth_service.py::test_authenticate_user_wrong_password
FAILED tests/test_services/test_auth_service.py::test_account_lockout - Value...
FAILED tests/test_services/test_auth_service.py::test_change_password - Value...
FAILED tests/test_services/test_auth_service.py::test_change_password_wrong_old_password
FAILED tests/test_services/test_auth_service.py::test_refresh_token - ValueEr...
FAILED tests/test_services/test_auth_service.py::test_logout - ValueError: pa...
FAILED tests/test_services/test_auth_service.py::test_audit_logging - ValueEr...
FAILED tests/test_services/test_auth_service.py::test_user_permissions - Valu...
FAILED tests/test_services/test_auth_service.py::test_user_roles - ValueError...
FAILED tests/test_services/test_check_in_service.py::test_complete_check_in_workflow
FAILED tests/test_services/test_check_in_service.py::test_check_in_auto_assign_room
FAILED tests/test_services/test_check_in_service.py::test_check_in_by_confirmation_number
FAILED tests/test_services/test_housekeeping_services.py::test_complete_task_workflow
FAILED tests/test_services/test_housekeeping_services.py::test_inspect_task
FAILED tests/test_services/test_housekeeping_services.py::test_inspect_task_failed
FAILED tests/test_services/test_reservation_service.py::test_create_reservation_invalid_dates
FAILED tests/test_services/test_reservation_service.py::test_confirm_reservation
FAILED tests/test_services/test_reservation_service.py::test_cancel_reservation
FAILED tests/test_services/test_search_service.py::test_global_search - Value...
FAILED tests/test_services/test_search_service.py::test_save_search - ValueEr...
FAILED tests/test_services/test_search_service.py::test_get_saved_searches - ...
FAILED tests/test_services/test_search_service.py::test_use_saved_search - Va...
FAILED tests/test_services/test_search_service.py::test_delete_saved_search
FAILED tests/test_services/test_search_service.py::test_track_search - ValueE...
FAILED tests/test_services/test_search_service.py::test_get_search_history - ...
FAILED tests/test_services/test_search_service.py::test_get_search_suggestions
FAILED tests/test_services/test_user_management.py::test_get_users - ValueErr...
FAILED tests/test_services/test_user_management.py::test_get_users_with_filters
FAILED tests/test_services/test_user_management.py::test_get_users_with_search
FAILED tests/test_services/test_user_management.py::test_update_user - ValueE...
FAILED tests/test_services/test_user_management.py::test_update_user_duplicate_username
FAILED tests/test_services/test_user_management.py::test_deactivate_user - Va...
FAILED tests/test_services/test_user_management.py::test_activate_user - Valu...
FAILED tests/test_services/test_user_management.py::test_reset_password - Val...
FAILED tests/test_services/test_user_management.py::test_unlock_account - Val...
FAILED tests/test_services/test_user_management.py::test_get_user_stats - Val...
FAILED tests/test_services/test_user_management.py::test_get_role_stats - Val...
FAILED tests/test_state_machines/test_reservation_state_machine.py::test_emergency_cancellation_after_check_in
ERROR tests/test_services/test_check_out_service.py::test_full_checkout_flow
ERROR tests/test_services/test_check_out_service.py::test_checkout_by_room_and_res
ERROR tests/test_services/test_check_out_service.py::test_final_bill_generation
ERROR tests/test_services/test_check_out_service.py::test_guest_stats_update
ERROR tests/test_services/test_check_out_service.py::test_checkout_validation_failure
= 111 failed, 533 passed, 11 skipped, 146 warnings, 5 errors in 145.54s (0:02:25) =
